{"C:\\projects\\emb\\modules\\rayo-editor\\src\\utils\\proximityMatching.ts": {"path":"C:\\projects\\emb\\modules\\rayo-editor\\src\\utils\\proximityMatching.ts","all":false,"statementMap":{"0":{"start":{"line":1,"column":0},"end":{"line":1,"column":3}},"1":{"start":{"line":2,"column":0},"end":{"line":2,"column":45}},"2":{"start":{"line":3,"column":0},"end":{"line":3,"column":2}},"3":{"start":{"line":4,"column":0},"end":{"line":4,"column":79}},"4":{"start":{"line":5,"column":0},"end":{"line":5,"column":76}},"5":{"start":{"line":6,"column":0},"end":{"line":6,"column":3}},"6":{"start":{"line":7,"column":0},"end":{"line":7,"column":57}},"7":{"start":{"line":8,"column":0},"end":{"line":8,"column":0}},"8":{"start":{"line":9,"column":0},"end":{"line":9,"column":3}},"9":{"start":{"line":10,"column":0},"end":{"line":10,"column":52}},"10":{"start":{"line":11,"column":0},"end":{"line":11,"column":2}},"11":{"start":{"line":12,"column":0},"end":{"line":12,"column":68}},"12":{"start":{"line":13,"column":0},"end":{"line":13,"column":74}},"13":{"start":{"line":14,"column":0},"end":{"line":14,"column":20}},"14":{"start":{"line":15,"column":0},"end":{"line":15,"column":2}},"15":{"start":{"line":16,"column":0},"end":{"line":16,"column":35}},"16":{"start":{"line":17,"column":0},"end":{"line":17,"column":36}},"17":{"start":{"line":18,"column":0},"end":{"line":18,"column":65}},"18":{"start":{"line":19,"column":0},"end":{"line":19,"column":2}},"19":{"start":{"line":20,"column":0},"end":{"line":20,"column":11}},"20":{"start":{"line":21,"column":0},"end":{"line":21,"column":9}},"21":{"start":{"line":22,"column":0},"end":{"line":22,"column":38}},"22":{"start":{"line":23,"column":0},"end":{"line":23,"column":39}},"23":{"start":{"line":24,"column":0},"end":{"line":24,"column":54}},"24":{"start":{"line":25,"column":0},"end":{"line":25,"column":2}},"25":{"start":{"line":26,"column":0},"end":{"line":26,"column":41}},"26":{"start":{"line":27,"column":0},"end":{"line":27,"column":56}},"27":{"start":{"line":28,"column":0},"end":{"line":28,"column":6}},"28":{"start":{"line":29,"column":0},"end":{"line":29,"column":3}},"29":{"start":{"line":30,"column":0},"end":{"line":30,"column":85}},"30":{"start":{"line":31,"column":0},"end":{"line":31,"column":49}},"31":{"start":{"line":32,"column":0},"end":{"line":32,"column":49}},"32":{"start":{"line":33,"column":0},"end":{"line":33,"column":30}},"33":{"start":{"line":34,"column":0},"end":{"line":34,"column":2}},"34":{"start":{"line":35,"column":0},"end":{"line":35,"column":0}},"35":{"start":{"line":36,"column":0},"end":{"line":36,"column":3}},"36":{"start":{"line":37,"column":0},"end":{"line":37,"column":62}},"37":{"start":{"line":38,"column":0},"end":{"line":38,"column":2}},"38":{"start":{"line":39,"column":0},"end":{"line":39,"column":70}},"39":{"start":{"line":40,"column":0},"end":{"line":40,"column":69}},"40":{"start":{"line":41,"column":0},"end":{"line":41,"column":30}},"41":{"start":{"line":42,"column":0},"end":{"line":42,"column":2}},"42":{"start":{"line":43,"column":0},"end":{"line":43,"column":51}},"43":{"start":{"line":44,"column":0},"end":{"line":44,"column":59}},"44":{"start":{"line":45,"column":0},"end":{"line":45,"column":57}},"45":{"start":{"line":46,"column":0},"end":{"line":46,"column":54}},"46":{"start":{"line":47,"column":0},"end":{"line":47,"column":2}},"47":{"start":{"line":48,"column":0},"end":{"line":48,"column":11}},"48":{"start":{"line":49,"column":0},"end":{"line":49,"column":9}},"49":{"start":{"line":50,"column":0},"end":{"line":50,"column":18}},"50":{"start":{"line":51,"column":0},"end":{"line":51,"column":72}},"51":{"start":{"line":52,"column":0},"end":{"line":52,"column":73}},"52":{"start":{"line":53,"column":0},"end":{"line":53,"column":5}},"53":{"start":{"line":54,"column":0},"end":{"line":54,"column":23}},"54":{"start":{"line":55,"column":0},"end":{"line":55,"column":56}},"55":{"start":{"line":56,"column":0},"end":{"line":56,"column":57}},"56":{"start":{"line":57,"column":0},"end":{"line":57,"column":6}},"57":{"start":{"line":58,"column":0},"end":{"line":58,"column":3}},"58":{"start":{"line":59,"column":0},"end":{"line":59,"column":34}},"59":{"start":{"line":60,"column":0},"end":{"line":60,"column":19}},"60":{"start":{"line":61,"column":0},"end":{"line":61,"column":23}},"61":{"start":{"line":62,"column":0},"end":{"line":62,"column":23}},"62":{"start":{"line":63,"column":0},"end":{"line":63,"column":23}},"63":{"start":{"line":64,"column":0},"end":{"line":64,"column":57}},"64":{"start":{"line":65,"column":0},"end":{"line":65,"column":0}},"65":{"start":{"line":66,"column":0},"end":{"line":66,"column":38}},"66":{"start":{"line":67,"column":0},"end":{"line":67,"column":29}},"67":{"start":{"line":68,"column":0},"end":{"line":68,"column":0}},"68":{"start":{"line":69,"column":0},"end":{"line":69,"column":33}},"69":{"start":{"line":70,"column":0},"end":{"line":70,"column":99}},"70":{"start":{"line":71,"column":0},"end":{"line":71,"column":79}},"71":{"start":{"line":72,"column":0},"end":{"line":72,"column":26}},"72":{"start":{"line":73,"column":0},"end":{"line":73,"column":37}},"73":{"start":{"line":74,"column":0},"end":{"line":74,"column":34}},"74":{"start":{"line":75,"column":0},"end":{"line":75,"column":6}},"75":{"start":{"line":76,"column":0},"end":{"line":76,"column":0}},"76":{"start":{"line":77,"column":0},"end":{"line":77,"column":29}},"77":{"start":{"line":78,"column":0},"end":{"line":78,"column":25}},"78":{"start":{"line":79,"column":0},"end":{"line":79,"column":21}},"79":{"start":{"line":80,"column":0},"end":{"line":80,"column":5}},"80":{"start":{"line":81,"column":0},"end":{"line":81,"column":3}},"81":{"start":{"line":82,"column":0},"end":{"line":82,"column":0}},"82":{"start":{"line":83,"column":0},"end":{"line":83,"column":17}},"83":{"start":{"line":84,"column":0},"end":{"line":84,"column":2}},"84":{"start":{"line":85,"column":0},"end":{"line":85,"column":0}},"85":{"start":{"line":86,"column":0},"end":{"line":86,"column":3}},"86":{"start":{"line":87,"column":0},"end":{"line":87,"column":38}},"87":{"start":{"line":88,"column":0},"end":{"line":88,"column":2}},"88":{"start":{"line":89,"column":0},"end":{"line":89,"column":79}},"89":{"start":{"line":90,"column":0},"end":{"line":90,"column":74}},"90":{"start":{"line":91,"column":0},"end":{"line":91,"column":2}},"91":{"start":{"line":92,"column":0},"end":{"line":92,"column":66}},"92":{"start":{"line":93,"column":0},"end":{"line":93,"column":41}},"93":{"start":{"line":94,"column":0},"end":{"line":94,"column":62}},"94":{"start":{"line":95,"column":0},"end":{"line":95,"column":2}},"95":{"start":{"line":96,"column":0},"end":{"line":96,"column":11}},"96":{"start":{"line":97,"column":0},"end":{"line":97,"column":9}},"97":{"start":{"line":98,"column":0},"end":{"line":98,"column":18}},"98":{"start":{"line":99,"column":0},"end":{"line":99,"column":30}},"99":{"start":{"line":100,"column":0},"end":{"line":100,"column":47}},"100":{"start":{"line":101,"column":0},"end":{"line":101,"column":50}},"101":{"start":{"line":102,"column":0},"end":{"line":102,"column":5}},"102":{"start":{"line":103,"column":0},"end":{"line":103,"column":47}},"103":{"start":{"line":104,"column":0},"end":{"line":104,"column":40}},"104":{"start":{"line":105,"column":0},"end":{"line":105,"column":6}},"105":{"start":{"line":106,"column":0},"end":{"line":106,"column":2}},"106":{"start":{"line":107,"column":0},"end":{"line":107,"column":11}},"107":{"start":{"line":108,"column":0},"end":{"line":108,"column":27}},"108":{"start":{"line":109,"column":0},"end":{"line":109,"column":16}},"109":{"start":{"line":110,"column":0},"end":{"line":110,"column":71}},"110":{"start":{"line":111,"column":0},"end":{"line":111,"column":47}},"111":{"start":{"line":112,"column":0},"end":{"line":112,"column":6}},"112":{"start":{"line":113,"column":0},"end":{"line":113,"column":3}},"113":{"start":{"line":114,"column":0},"end":{"line":114,"column":83}},"114":{"start":{"line":115,"column":0},"end":{"line":115,"column":12}},"115":{"start":{"line":116,"column":0},"end":{"line":116,"column":13}},"116":{"start":{"line":117,"column":0},"end":{"line":117,"column":36}},"117":{"start":{"line":118,"column":0},"end":{"line":118,"column":27}},"118":{"start":{"line":119,"column":0},"end":{"line":119,"column":24}},"119":{"start":{"line":120,"column":0},"end":{"line":120,"column":0}},"120":{"start":{"line":121,"column":0},"end":{"line":121,"column":29}},"121":{"start":{"line":122,"column":0},"end":{"line":122,"column":31}},"122":{"start":{"line":123,"column":0},"end":{"line":123,"column":25}},"123":{"start":{"line":124,"column":0},"end":{"line":124,"column":12}},"124":{"start":{"line":125,"column":0},"end":{"line":125,"column":47}},"125":{"start":{"line":126,"column":0},"end":{"line":126,"column":50}},"126":{"start":{"line":127,"column":0},"end":{"line":127,"column":27}},"127":{"start":{"line":128,"column":0},"end":{"line":128,"column":14}},"128":{"start":{"line":129,"column":0},"end":{"line":129,"column":29}},"129":{"start":{"line":130,"column":0},"end":{"line":130,"column":25}},"130":{"start":{"line":131,"column":0},"end":{"line":131,"column":7}},"131":{"start":{"line":132,"column":0},"end":{"line":132,"column":5}},"132":{"start":{"line":133,"column":0},"end":{"line":133,"column":3}},"133":{"start":{"line":134,"column":0},"end":{"line":134,"column":0}},"134":{"start":{"line":135,"column":0},"end":{"line":135,"column":47}},"135":{"start":{"line":136,"column":0},"end":{"line":136,"column":16}},"136":{"start":{"line":137,"column":0},"end":{"line":137,"column":2}}},"s":{"0":1,"1":1,"2":1,"3":1,"4":1,"5":1,"6":1,"7":1,"8":1,"9":1,"10":1,"11":1,"12":1,"13":1,"14":1,"15":1,"16":1,"17":1,"18":1,"19":1,"20":1,"21":1,"22":1,"23":1,"24":1,"25":1,"26":1,"27":1,"28":1,"29":1,"30":10,"31":10,"32":10,"33":10,"34":1,"35":1,"36":1,"37":1,"38":1,"39":1,"40":1,"41":1,"42":1,"43":1,"44":1,"45":1,"46":1,"47":1,"48":1,"49":1,"50":1,"51":1,"52":1,"53":1,"54":1,"55":1,"56":1,"57":1,"58":1,"59":11,"60":11,"61":11,"62":11,"63":11,"64":6,"65":6,"66":6,"67":6,"68":11,"69":15,"70":15,"71":15,"72":15,"73":15,"74":15,"75":15,"76":15,"77":10,"78":10,"79":10,"80":15,"81":6,"82":6,"83":6,"84":1,"85":1,"86":1,"87":1,"88":1,"89":1,"90":1,"91":1,"92":1,"93":1,"94":1,"95":1,"96":1,"97":1,"98":1,"99":1,"100":1,"101":1,"102":1,"103":1,"104":1,"105":1,"106":1,"107":1,"108":1,"109":1,"110":1,"111":1,"112":1,"113":1,"114":11,"115":11,"116":11,"117":10,"118":10,"119":10,"120":11,"121":28,"122":10,"123":28,"124":18,"125":18,"126":12,"127":18,"128":6,"129":6,"130":6,"131":18,"132":28,"133":10,"134":10,"135":10,"136":10},"branchMap":{"0":{"type":"branch","line":30,"loc":{"start":{"line":30,"column":34},"end":{"line":34,"column":2}},"locations":[{"start":{"line":30,"column":34},"end":{"line":34,"column":2}}]},"1":{"type":"branch","line":59,"loc":{"start":{"line":59,"column":33},"end":{"line":84,"column":2}},"locations":[{"start":{"line":59,"column":33},"end":{"line":84,"column":2}}]},"2":{"type":"branch","line":64,"loc":{"start":{"line":64,"column":29},"end":{"line":64,"column":57}},"locations":[{"start":{"line":64,"column":29},"end":{"line":64,"column":57}}]},"3":{"type":"branch","line":64,"loc":{"start":{"line":64,"column":47},"end":{"line":64,"column":57}},"locations":[{"start":{"line":64,"column":47},"end":{"line":64,"column":57}}]},"4":{"type":"branch","line":64,"loc":{"start":{"line":64,"column":52},"end":{"line":69,"column":32}},"locations":[{"start":{"line":64,"column":52},"end":{"line":69,"column":32}}]},"5":{"type":"branch","line":69,"loc":{"start":{"line":69,"column":32},"end":{"line":81,"column":3}},"locations":[{"start":{"line":69,"column":32},"end":{"line":81,"column":3}}]},"6":{"type":"branch","line":70,"loc":{"start":{"line":70,"column":46},"end":{"line":70,"column":64}},"locations":[{"start":{"line":70,"column":46},"end":{"line":70,"column":64}}]},"7":{"type":"branch","line":70,"loc":{"start":{"line":70,"column":81},"end":{"line":70,"column":97}},"locations":[{"start":{"line":70,"column":81},"end":{"line":70,"column":97}}]},"8":{"type":"branch","line":71,"loc":{"start":{"line":71,"column":44},"end":{"line":71,"column":53}},"locations":[{"start":{"line":71,"column":44},"end":{"line":71,"column":53}}]},"9":{"type":"branch","line":71,"loc":{"start":{"line":71,"column":70},"end":{"line":71,"column":77}},"locations":[{"start":{"line":71,"column":70},"end":{"line":71,"column":77}}]},"10":{"type":"branch","line":77,"loc":{"start":{"line":77,"column":28},"end":{"line":80,"column":5}},"locations":[{"start":{"line":77,"column":28},"end":{"line":80,"column":5}}]},"11":{"type":"branch","line":81,"loc":{"start":{"line":81,"column":2},"end":{"line":84,"column":2}},"locations":[{"start":{"line":81,"column":2},"end":{"line":84,"column":2}}]},"12":{"type":"branch","line":114,"loc":{"start":{"line":114,"column":37},"end":{"line":137,"column":2}},"locations":[{"start":{"line":114,"column":37},"end":{"line":137,"column":2}}]},"13":{"type":"branch","line":117,"loc":{"start":{"line":117,"column":26},"end":{"line":117,"column":36}},"locations":[{"start":{"line":117,"column":26},"end":{"line":117,"column":36}}]},"14":{"type":"branch","line":117,"loc":{"start":{"line":117,"column":34},"end":{"line":121,"column":28}},"locations":[{"start":{"line":117,"column":34},"end":{"line":121,"column":28}}]},"15":{"type":"branch","line":121,"loc":{"start":{"line":121,"column":28},"end":{"line":133,"column":3}},"locations":[{"start":{"line":121,"column":28},"end":{"line":133,"column":3}}]},"16":{"type":"branch","line":122,"loc":{"start":{"line":122,"column":30},"end":{"line":124,"column":11}},"locations":[{"start":{"line":122,"column":30},"end":{"line":124,"column":11}}]},"17":{"type":"branch","line":124,"loc":{"start":{"line":124,"column":4},"end":{"line":132,"column":5}},"locations":[{"start":{"line":124,"column":4},"end":{"line":132,"column":5}}]},"18":{"type":"branch","line":126,"loc":{"start":{"line":126,"column":49},"end":{"line":128,"column":13}},"locations":[{"start":{"line":126,"column":49},"end":{"line":128,"column":13}}]},"19":{"type":"branch","line":128,"loc":{"start":{"line":128,"column":6},"end":{"line":131,"column":7}},"locations":[{"start":{"line":128,"column":6},"end":{"line":131,"column":7}}]},"20":{"type":"branch","line":133,"loc":{"start":{"line":133,"column":2},"end":{"line":137,"column":2}},"locations":[{"start":{"line":133,"column":2},"end":{"line":137,"column":2}}]}},"b":{"0":[10],"1":[11],"2":[5],"3":[1],"4":[6],"5":[15],"6":[0],"7":[0],"8":[0],"9":[0],"10":[10],"11":[6],"12":[11],"13":[1],"14":[10],"15":[28],"16":[10],"17":[18],"18":[12],"19":[6],"20":[10]},"fnMap":{"0":{"name":"calculateProximity","decl":{"start":{"line":30,"column":34},"end":{"line":34,"column":2}},"loc":{"start":{"line":30,"column":34},"end":{"line":34,"column":2}},"line":30},"1":{"name":"findOwnerTextPair","decl":{"start":{"line":59,"column":33},"end":{"line":84,"column":2}},"loc":{"start":{"line":59,"column":33},"end":{"line":84,"column":2}},"line":59},"2":{"name":"groupConsecutiveItems","decl":{"start":{"line":114,"column":37},"end":{"line":137,"column":2}},"loc":{"start":{"line":114,"column":37},"end":{"line":137,"column":2}},"line":114}},"f":{"0":10,"1":11,"2":11}}
}
