{"C:\\projects\\emb\\modules\\rayo-editor\\src\\components\\BlogEditor.tsx": {"path":"C:\\projects\\emb\\modules\\rayo-editor\\src\\components\\BlogEditor.tsx","all":false,"statementMap":{"0":{"start":{"line":1,"column":0},"end":{"line":1,"column":40}},"1":{"start":{"line":2,"column":0},"end":{"line":2,"column":55}},"2":{"start":{"line":3,"column":0},"end":{"line":3,"column":48}},"3":{"start":{"line":4,"column":0},"end":{"line":4,"column":44}},"4":{"start":{"line":5,"column":0},"end":{"line":5,"column":48}},"5":{"start":{"line":6,"column":0},"end":{"line":6,"column":54}},"6":{"start":{"line":7,"column":0},"end":{"line":7,"column":0}},"7":{"start":{"line":8,"column":0},"end":{"line":8,"column":55}},"8":{"start":{"line":9,"column":0},"end":{"line":9,"column":10}},"9":{"start":{"line":10,"column":0},"end":{"line":10,"column":8}},"10":{"start":{"line":11,"column":0},"end":{"line":11,"column":11}},"11":{"start":{"line":12,"column":0},"end":{"line":12,"column":16}},"12":{"start":{"line":13,"column":0},"end":{"line":13,"column":12}},"13":{"start":{"line":14,"column":0},"end":{"line":14,"column":12}},"14":{"start":{"line":15,"column":0},"end":{"line":15,"column":12}},"15":{"start":{"line":16,"column":0},"end":{"line":16,"column":11}},"16":{"start":{"line":17,"column":0},"end":{"line":17,"column":12}},"17":{"start":{"line":18,"column":0},"end":{"line":18,"column":7}},"18":{"start":{"line":19,"column":0},"end":{"line":19,"column":57}},"19":{"start":{"line":20,"column":0},"end":{"line":20,"column":86}},"20":{"start":{"line":21,"column":0},"end":{"line":21,"column":0}},"21":{"start":{"line":22,"column":0},"end":{"line":22,"column":10}},"22":{"start":{"line":23,"column":0},"end":{"line":23,"column":8}},"23":{"start":{"line":24,"column":0},"end":{"line":24,"column":69}},"24":{"start":{"line":25,"column":0},"end":{"line":25,"column":31}},"25":{"start":{"line":26,"column":0},"end":{"line":26,"column":5}},"26":{"start":{"line":27,"column":0},"end":{"line":27,"column":56}},"27":{"start":{"line":28,"column":0},"end":{"line":28,"column":22}},"28":{"start":{"line":29,"column":0},"end":{"line":29,"column":23}},"29":{"start":{"line":30,"column":0},"end":{"line":30,"column":39}},"30":{"start":{"line":31,"column":0},"end":{"line":31,"column":29}},"31":{"start":{"line":32,"column":0},"end":{"line":32,"column":10}},"32":{"start":{"line":33,"column":0},"end":{"line":33,"column":12}},"33":{"start":{"line":34,"column":0},"end":{"line":34,"column":0}},"34":{"start":{"line":35,"column":0},"end":{"line":35,"column":62}},"35":{"start":{"line":36,"column":0},"end":{"line":36,"column":17}},"36":{"start":{"line":37,"column":0},"end":{"line":37,"column":25}},"37":{"start":{"line":38,"column":0},"end":{"line":38,"column":52}},"38":{"start":{"line":39,"column":0},"end":{"line":39,"column":74}},"39":{"start":{"line":40,"column":0},"end":{"line":40,"column":39}},"40":{"start":{"line":41,"column":0},"end":{"line":41,"column":29}},"41":{"start":{"line":42,"column":0},"end":{"line":42,"column":40}},"42":{"start":{"line":43,"column":0},"end":{"line":43,"column":10}},"43":{"start":{"line":44,"column":0},"end":{"line":44,"column":0}},"44":{"start":{"line":45,"column":0},"end":{"line":45,"column":47}},"45":{"start":{"line":46,"column":0},"end":{"line":46,"column":12}},"46":{"start":{"line":47,"column":0},"end":{"line":47,"column":24}},"47":{"start":{"line":48,"column":0},"end":{"line":48,"column":35}},"48":{"start":{"line":49,"column":0},"end":{"line":49,"column":47}},"49":{"start":{"line":50,"column":0},"end":{"line":50,"column":46}},"50":{"start":{"line":51,"column":0},"end":{"line":51,"column":14}},"51":{"start":{"line":52,"column":0},"end":{"line":52,"column":26}},"52":{"start":{"line":53,"column":0},"end":{"line":53,"column":48}},"53":{"start":{"line":54,"column":0},"end":{"line":54,"column":48}},"54":{"start":{"line":55,"column":0},"end":{"line":55,"column":39}},"55":{"start":{"line":56,"column":0},"end":{"line":56,"column":14}},"56":{"start":{"line":57,"column":0},"end":{"line":57,"column":13}},"57":{"start":{"line":58,"column":0},"end":{"line":58,"column":10}},"58":{"start":{"line":59,"column":0},"end":{"line":59,"column":12}},"59":{"start":{"line":60,"column":0},"end":{"line":60,"column":0}},"60":{"start":{"line":61,"column":0},"end":{"line":61,"column":21}},"61":{"start":{"line":62,"column":0},"end":{"line":62,"column":82}},"62":{"start":{"line":63,"column":0},"end":{"line":63,"column":20}},"63":{"start":{"line":64,"column":0},"end":{"line":64,"column":14}},"64":{"start":{"line":65,"column":0},"end":{"line":65,"column":8}},"65":{"start":{"line":66,"column":0},"end":{"line":66,"column":10}},"66":{"start":{"line":67,"column":0},"end":{"line":67,"column":4}},"67":{"start":{"line":68,"column":0},"end":{"line":68,"column":2}}},"s":{"0":1,"1":1,"2":1,"3":1,"4":1,"5":1,"6":1,"7":1,"8":162,"9":162,"10":162,"11":162,"12":162,"13":162,"14":162,"15":162,"16":162,"17":162,"18":162,"19":162,"20":162,"21":162,"22":162,"23":162,"24":162,"25":162,"26":162,"27":162,"28":162,"29":162,"30":162,"31":162,"32":162,"33":162,"34":162,"35":162,"36":162,"37":162,"38":162,"39":162,"40":162,"41":162,"42":162,"43":162,"44":162,"45":0,"46":0,"47":0,"48":0,"49":0,"50":0,"51":0,"52":0,"53":0,"54":0,"55":0,"56":0,"57":162,"58":162,"59":162,"60":162,"61":7,"62":7,"63":7,"64":162,"65":162,"66":162,"67":162},"branchMap":{"0":{"type":"branch","line":8,"loc":{"start":{"line":8,"column":53},"end":{"line":68,"column":2}},"locations":[{"start":{"line":8,"column":53},"end":{"line":68,"column":2}}]},"1":{"type":"branch","line":24,"loc":{"start":{"line":24,"column":37},"end":{"line":24,"column":64}},"locations":[{"start":{"line":24,"column":37},"end":{"line":24,"column":64}}]},"2":{"type":"branch","line":24,"loc":{"start":{"line":24,"column":49},"end":{"line":24,"column":66}},"locations":[{"start":{"line":24,"column":49},"end":{"line":24,"column":66}}]},"3":{"type":"branch","line":45,"loc":{"start":{"line":45,"column":9},"end":{"line":45,"column":47}},"locations":[{"start":{"line":45,"column":9},"end":{"line":45,"column":47}}]},"4":{"type":"branch","line":45,"loc":{"start":{"line":45,"column":41},"end":{"line":57,"column":13}},"locations":[{"start":{"line":45,"column":41},"end":{"line":57,"column":13}}]},"5":{"type":"branch","line":61,"loc":{"start":{"line":61,"column":7},"end":{"line":64,"column":14}},"locations":[{"start":{"line":61,"column":7},"end":{"line":64,"column":14}}]},"6":{"type":"branch","line":38,"loc":{"start":{"line":38,"column":20},"end":{"line":38,"column":52}},"locations":[{"start":{"line":38,"column":20},"end":{"line":38,"column":52}}]}},"b":{"0":[162],"1":[6],"2":[156],"3":[29],"4":[0],"5":[7],"6":[3]},"fnMap":{"0":{"name":"BlogEditor","decl":{"start":{"line":8,"column":53},"end":{"line":68,"column":2}},"loc":{"start":{"line":8,"column":53},"end":{"line":68,"column":2}},"line":8},"1":{"name":"onChange","decl":{"start":{"line":38,"column":20},"end":{"line":38,"column":52}},"loc":{"start":{"line":38,"column":20},"end":{"line":38,"column":52}},"line":38},"2":{"name":"onAccept","decl":{"start":{"line":53,"column":24},"end":{"line":53,"column":48}},"loc":{"start":{"line":53,"column":24},"end":{"line":53,"column":48}},"line":53},"3":{"name":"onReject","decl":{"start":{"line":54,"column":24},"end":{"line":54,"column":48}},"loc":{"start":{"line":54,"column":24},"end":{"line":54,"column":48}},"line":54}},"f":{"0":162,"1":3,"2":0,"3":0}}
,"C:\\projects\\emb\\modules\\rayo-editor\\src\\components\\DiffOverlay.tsx": {"path":"C:\\projects\\emb\\modules\\rayo-editor\\src\\components\\DiffOverlay.tsx","all":false,"statementMap":{"0":{"start":{"line":1,"column":0},"end":{"line":1,"column":26}},"1":{"start":{"line":2,"column":0},"end":{"line":2,"column":56}},"2":{"start":{"line":3,"column":0},"end":{"line":3,"column":0}},"3":{"start":{"line":4,"column":0},"end":{"line":4,"column":57}},"4":{"start":{"line":5,"column":0},"end":{"line":5,"column":12}},"5":{"start":{"line":6,"column":0},"end":{"line":6,"column":18}},"6":{"start":{"line":7,"column":0},"end":{"line":7,"column":14}},"7":{"start":{"line":8,"column":0},"end":{"line":8,"column":13}},"8":{"start":{"line":9,"column":0},"end":{"line":9,"column":7}},"9":{"start":{"line":10,"column":0},"end":{"line":10,"column":42}},"10":{"start":{"line":11,"column":0},"end":{"line":11,"column":0}},"11":{"start":{"line":12,"column":0},"end":{"line":12,"column":10}},"12":{"start":{"line":13,"column":0},"end":{"line":13,"column":8}},"13":{"start":{"line":14,"column":0},"end":{"line":14,"column":51}},"14":{"start":{"line":15,"column":0},"end":{"line":15,"column":32}},"15":{"start":{"line":16,"column":0},"end":{"line":16,"column":28}},"16":{"start":{"line":17,"column":0},"end":{"line":17,"column":5}},"17":{"start":{"line":18,"column":0},"end":{"line":18,"column":37}},"18":{"start":{"line":19,"column":0},"end":{"line":19,"column":12}},"19":{"start":{"line":20,"column":0},"end":{"line":20,"column":19}},"20":{"start":{"line":21,"column":0},"end":{"line":21,"column":56}},"21":{"start":{"line":22,"column":0},"end":{"line":22,"column":18}},"22":{"start":{"line":23,"column":0},"end":{"line":23,"column":38}},"23":{"start":{"line":24,"column":0},"end":{"line":24,"column":40}},"24":{"start":{"line":25,"column":0},"end":{"line":25,"column":42}},"25":{"start":{"line":26,"column":0},"end":{"line":26,"column":59}},"26":{"start":{"line":27,"column":0},"end":{"line":27,"column":12}},"27":{"start":{"line":28,"column":0},"end":{"line":28,"column":49}},"28":{"start":{"line":29,"column":0},"end":{"line":29,"column":44}},"29":{"start":{"line":30,"column":0},"end":{"line":30,"column":42}},"30":{"start":{"line":31,"column":0},"end":{"line":31,"column":10}},"31":{"start":{"line":32,"column":0},"end":{"line":32,"column":9}},"32":{"start":{"line":33,"column":0},"end":{"line":33,"column":0}},"33":{"start":{"line":34,"column":0},"end":{"line":34,"column":27}},"34":{"start":{"line":35,"column":0},"end":{"line":35,"column":12}},"35":{"start":{"line":36,"column":0},"end":{"line":36,"column":50}},"36":{"start":{"line":37,"column":0},"end":{"line":37,"column":18}},"37":{"start":{"line":38,"column":0},"end":{"line":38,"column":44}},"38":{"start":{"line":39,"column":0},"end":{"line":39,"column":50}},"39":{"start":{"line":40,"column":0},"end":{"line":40,"column":20}},"40":{"start":{"line":41,"column":0},"end":{"line":41,"column":21}},"41":{"start":{"line":42,"column":0},"end":{"line":42,"column":22}},"42":{"start":{"line":43,"column":0},"end":{"line":43,"column":12}},"43":{"start":{"line":44,"column":0},"end":{"line":44,"column":36}},"44":{"start":{"line":45,"column":0},"end":{"line":45,"column":10}},"45":{"start":{"line":46,"column":0},"end":{"line":46,"column":8}},"46":{"start":{"line":47,"column":0},"end":{"line":47,"column":10}},"47":{"start":{"line":48,"column":0},"end":{"line":48,"column":4}},"48":{"start":{"line":49,"column":0},"end":{"line":49,"column":2}}},"s":{"0":1,"1":1,"2":1,"3":1,"4":30,"5":30,"6":30,"7":30,"8":30,"9":30,"10":28,"11":28,"12":28,"13":28,"14":28,"15":28,"16":28,"17":28,"18":83,"19":83,"20":83,"21":83,"22":83,"23":83,"24":83,"25":83,"26":83,"27":83,"28":83,"29":83,"30":83,"31":28,"32":28,"33":28,"34":7,"35":7,"36":7,"37":7,"38":7,"39":7,"40":7,"41":7,"42":7,"43":7,"44":7,"45":30,"46":30,"47":30,"48":30},"branchMap":{"0":{"type":"branch","line":4,"loc":{"start":{"line":4,"column":55},"end":{"line":49,"column":2}},"locations":[{"start":{"line":4,"column":55},"end":{"line":49,"column":2}}]},"1":{"type":"branch","line":10,"loc":{"start":{"line":10,"column":30},"end":{"line":10,"column":42}},"locations":[{"start":{"line":10,"column":30},"end":{"line":10,"column":42}}]},"2":{"type":"branch","line":10,"loc":{"start":{"line":10,"column":37},"end":{"line":34,"column":27}},"locations":[{"start":{"line":10,"column":37},"end":{"line":34,"column":27}}]},"3":{"type":"branch","line":34,"loc":{"start":{"line":34,"column":7},"end":{"line":45,"column":10}},"locations":[{"start":{"line":34,"column":7},"end":{"line":45,"column":10}}]},"4":{"type":"branch","line":18,"loc":{"start":{"line":18,"column":21},"end":{"line":31,"column":10}},"locations":[{"start":{"line":18,"column":21},"end":{"line":31,"column":10}}]},"5":{"type":"branch","line":28,"loc":{"start":{"line":28,"column":24},"end":{"line":28,"column":49}},"locations":[{"start":{"line":28,"column":24},"end":{"line":28,"column":49}}]},"6":{"type":"branch","line":28,"loc":{"start":{"line":28,"column":30},"end":{"line":28,"column":49}},"locations":[{"start":{"line":28,"column":30},"end":{"line":28,"column":49}}]},"7":{"type":"branch","line":29,"loc":{"start":{"line":29,"column":19},"end":{"line":29,"column":44}},"locations":[{"start":{"line":29,"column":19},"end":{"line":29,"column":44}}]},"8":{"type":"branch","line":29,"loc":{"start":{"line":29,"column":25},"end":{"line":29,"column":44}},"locations":[{"start":{"line":29,"column":25},"end":{"line":29,"column":44}}]}},"b":{"0":[30],"1":[2],"2":[28],"3":[7],"4":[83],"5":[4],"6":[3],"7":[6],"8":[5]},"fnMap":{"0":{"name":"DiffOverlay","decl":{"start":{"line":4,"column":55},"end":{"line":49,"column":2}},"loc":{"start":{"line":4,"column":55},"end":{"line":49,"column":2}},"line":4},"1":{"name":"onMouseEnter","decl":{"start":{"line":28,"column":24},"end":{"line":28,"column":49}},"loc":{"start":{"line":28,"column":24},"end":{"line":28,"column":49}},"line":28},"2":{"name":"onClick","decl":{"start":{"line":29,"column":19},"end":{"line":29,"column":44}},"loc":{"start":{"line":29,"column":19},"end":{"line":29,"column":44}},"line":29}},"f":{"0":30,"1":4,"2":6}}
,"C:\\projects\\emb\\modules\\rayo-editor\\src\\components\\ImageGenerationLoader.tsx": {"path":"C:\\projects\\emb\\modules\\rayo-editor\\src\\components\\ImageGenerationLoader.tsx","all":false,"statementMap":{"0":{"start":{"line":1,"column":0},"end":{"line":1,"column":26}},"1":{"start":{"line":2,"column":0},"end":{"line":2,"column":0}},"2":{"start":{"line":3,"column":0},"end":{"line":3,"column":92}},"3":{"start":{"line":4,"column":0},"end":{"line":4,"column":30}},"4":{"start":{"line":5,"column":0},"end":{"line":5,"column":0}},"5":{"start":{"line":6,"column":0},"end":{"line":6,"column":10}},"6":{"start":{"line":7,"column":0},"end":{"line":7,"column":85}},"7":{"start":{"line":8,"column":0},"end":{"line":8,"column":86}},"8":{"start":{"line":9,"column":0},"end":{"line":9,"column":55}},"9":{"start":{"line":10,"column":0},"end":{"line":10,"column":10}},"10":{"start":{"line":11,"column":0},"end":{"line":11,"column":4}},"11":{"start":{"line":12,"column":0},"end":{"line":12,"column":2}}},"s":{"0":1,"1":1,"2":1,"3":5,"4":3,"5":3,"6":3,"7":3,"8":3,"9":3,"10":3,"11":3},"branchMap":{"0":{"type":"branch","line":3,"loc":{"start":{"line":3,"column":72},"end":{"line":12,"column":2}},"locations":[{"start":{"line":3,"column":72},"end":{"line":12,"column":2}}]},"1":{"type":"branch","line":4,"loc":{"start":{"line":4,"column":18},"end":{"line":4,"column":30}},"locations":[{"start":{"line":4,"column":18},"end":{"line":4,"column":30}}]},"2":{"type":"branch","line":4,"loc":{"start":{"line":4,"column":25},"end":{"line":12,"column":2}},"locations":[{"start":{"line":4,"column":25},"end":{"line":12,"column":2}}]}},"b":{"0":[5],"1":[2],"2":[3]},"fnMap":{"0":{"name":"ImageGenerationLoader","decl":{"start":{"line":3,"column":72},"end":{"line":12,"column":2}},"loc":{"start":{"line":3,"column":72},"end":{"line":12,"column":2}},"line":3}},"f":{"0":5}}
,"C:\\projects\\emb\\modules\\rayo-editor\\src\\components\\RayoEditor.tsx": {"path":"C:\\projects\\emb\\modules\\rayo-editor\\src\\components\\RayoEditor.tsx","all":false,"statementMap":{"0":{"start":{"line":1,"column":0},"end":{"line":1,"column":26}},"1":{"start":{"line":2,"column":0},"end":{"line":2,"column":55}},"2":{"start":{"line":3,"column":0},"end":{"line":3,"column":42}},"3":{"start":{"line":4,"column":0},"end":{"line":4,"column":0}},"4":{"start":{"line":5,"column":0},"end":{"line":5,"column":3}},"5":{"start":{"line":6,"column":0},"end":{"line":6,"column":69}},"6":{"start":{"line":7,"column":0},"end":{"line":7,"column":2}},"7":{"start":{"line":8,"column":0},"end":{"line":8,"column":84}},"8":{"start":{"line":9,"column":0},"end":{"line":9,"column":72}},"9":{"start":{"line":10,"column":0},"end":{"line":10,"column":74}},"10":{"start":{"line":11,"column":0},"end":{"line":11,"column":46}},"11":{"start":{"line":12,"column":0},"end":{"line":12,"column":43}},"12":{"start":{"line":13,"column":0},"end":{"line":13,"column":41}},"13":{"start":{"line":14,"column":0},"end":{"line":14,"column":43}},"14":{"start":{"line":15,"column":0},"end":{"line":15,"column":2}},"15":{"start":{"line":16,"column":0},"end":{"line":16,"column":76}},"16":{"start":{"line":17,"column":0},"end":{"line":17,"column":2}},"17":{"start":{"line":18,"column":0},"end":{"line":18,"column":13}},"18":{"start":{"line":19,"column":0},"end":{"line":19,"column":54}},"19":{"start":{"line":20,"column":0},"end":{"line":20,"column":49}},"20":{"start":{"line":21,"column":0},"end":{"line":21,"column":2}},"21":{"start":{"line":22,"column":0},"end":{"line":22,"column":11}},"22":{"start":{"line":23,"column":0},"end":{"line":23,"column":9}},"23":{"start":{"line":24,"column":0},"end":{"line":24,"column":44}},"24":{"start":{"line":25,"column":0},"end":{"line":25,"column":31}},"25":{"start":{"line":26,"column":0},"end":{"line":26,"column":2}},"26":{"start":{"line":27,"column":0},"end":{"line":27,"column":31}},"27":{"start":{"line":28,"column":0},"end":{"line":28,"column":57}},"28":{"start":{"line":29,"column":0},"end":{"line":29,"column":48}},"29":{"start":{"line":30,"column":0},"end":{"line":30,"column":44}},"30":{"start":{"line":31,"column":0},"end":{"line":31,"column":2}},"31":{"start":{"line":32,"column":0},"end":{"line":32,"column":13}},"32":{"start":{"line":33,"column":0},"end":{"line":33,"column":18}},"33":{"start":{"line":34,"column":0},"end":{"line":34,"column":26}},"34":{"start":{"line":35,"column":0},"end":{"line":35,"column":22}},"35":{"start":{"line":36,"column":0},"end":{"line":36,"column":30}},"36":{"start":{"line":37,"column":0},"end":{"line":37,"column":33}},"37":{"start":{"line":38,"column":0},"end":{"line":38,"column":26}},"38":{"start":{"line":39,"column":0},"end":{"line":39,"column":30}},"39":{"start":{"line":40,"column":0},"end":{"line":40,"column":9}},"40":{"start":{"line":41,"column":0},"end":{"line":41,"column":7}},"41":{"start":{"line":42,"column":0},"end":{"line":42,"column":4}},"42":{"start":{"line":43,"column":0},"end":{"line":43,"column":6}},"43":{"start":{"line":44,"column":0},"end":{"line":44,"column":2}},"44":{"start":{"line":45,"column":0},"end":{"line":45,"column":11}},"45":{"start":{"line":46,"column":0},"end":{"line":46,"column":26}},"46":{"start":{"line":47,"column":0},"end":{"line":47,"column":9}},"47":{"start":{"line":48,"column":0},"end":{"line":48,"column":14}},"48":{"start":{"line":49,"column":0},"end":{"line":49,"column":22}},"49":{"start":{"line":50,"column":0},"end":{"line":50,"column":18}},"50":{"start":{"line":51,"column":0},"end":{"line":51,"column":26}},"51":{"start":{"line":52,"column":0},"end":{"line":52,"column":29}},"52":{"start":{"line":53,"column":0},"end":{"line":53,"column":21}},"53":{"start":{"line":54,"column":0},"end":{"line":54,"column":26}},"54":{"start":{"line":55,"column":0},"end":{"line":55,"column":52}},"55":{"start":{"line":56,"column":0},"end":{"line":56,"column":52}},"56":{"start":{"line":57,"column":0},"end":{"line":57,"column":22}},"57":{"start":{"line":58,"column":0},"end":{"line":58,"column":26}},"58":{"start":{"line":59,"column":0},"end":{"line":59,"column":5}},"59":{"start":{"line":60,"column":0},"end":{"line":60,"column":6}},"60":{"start":{"line":61,"column":0},"end":{"line":61,"column":2}},"61":{"start":{"line":62,"column":0},"end":{"line":62,"column":11}},"62":{"start":{"line":63,"column":0},"end":{"line":63,"column":18}},"63":{"start":{"line":64,"column":0},"end":{"line":64,"column":9}},"64":{"start":{"line":65,"column":0},"end":{"line":65,"column":14}},"65":{"start":{"line":66,"column":0},"end":{"line":66,"column":31}},"66":{"start":{"line":67,"column":0},"end":{"line":67,"column":27}},"67":{"start":{"line":68,"column":0},"end":{"line":68,"column":24}},"68":{"start":{"line":69,"column":0},"end":{"line":69,"column":20}},"69":{"start":{"line":70,"column":0},"end":{"line":70,"column":22}},"70":{"start":{"line":71,"column":0},"end":{"line":71,"column":26}},"71":{"start":{"line":72,"column":0},"end":{"line":72,"column":5}},"72":{"start":{"line":73,"column":0},"end":{"line":73,"column":6}},"73":{"start":{"line":74,"column":0},"end":{"line":74,"column":3}},"74":{"start":{"line":75,"column":0},"end":{"line":75,"column":65}},"75":{"start":{"line":76,"column":0},"end":{"line":76,"column":10}},"76":{"start":{"line":77,"column":0},"end":{"line":77,"column":59}},"77":{"start":{"line":78,"column":0},"end":{"line":78,"column":31}},"78":{"start":{"line":79,"column":0},"end":{"line":79,"column":10}},"79":{"start":{"line":80,"column":0},"end":{"line":80,"column":4}},"80":{"start":{"line":81,"column":0},"end":{"line":81,"column":2}}},"s":{"0":1,"1":1,"2":1,"3":1,"4":1,"5":1,"6":1,"7":1,"8":1,"9":1,"10":1,"11":1,"12":1,"13":1,"14":1,"15":1,"16":1,"17":1,"18":1,"19":1,"20":1,"21":1,"22":1,"23":1,"24":1,"25":1,"26":1,"27":1,"28":1,"29":1,"30":1,"31":1,"32":1,"33":1,"34":1,"35":1,"36":1,"37":1,"38":1,"39":1,"40":1,"41":1,"42":1,"43":1,"44":1,"45":1,"46":1,"47":1,"48":1,"49":1,"50":1,"51":1,"52":1,"53":1,"54":1,"55":1,"56":1,"57":1,"58":1,"59":1,"60":1,"61":1,"62":1,"63":1,"64":1,"65":1,"66":1,"67":1,"68":1,"69":1,"70":1,"71":1,"72":1,"73":1,"74":1,"75":58,"76":58,"77":58,"78":58,"79":58,"80":58},"branchMap":{"0":{"type":"branch","line":75,"loc":{"start":{"line":75,"column":53},"end":{"line":81,"column":2}},"locations":[{"start":{"line":75,"column":53},"end":{"line":81,"column":2}}]}},"b":{"0":[58]},"fnMap":{"0":{"name":"RayoEditor","decl":{"start":{"line":75,"column":53},"end":{"line":81,"column":2}},"loc":{"start":{"line":75,"column":53},"end":{"line":81,"column":2}},"line":75}},"f":{"0":58}}
,"C:\\projects\\emb\\modules\\rayo-editor\\src\\components\\ReviewButtons.tsx": {"path":"C:\\projects\\emb\\modules\\rayo-editor\\src\\components\\ReviewButtons.tsx","all":false,"statementMap":{"0":{"start":{"line":1,"column":0},"end":{"line":1,"column":26}},"1":{"start":{"line":2,"column":0},"end":{"line":2,"column":58}},"2":{"start":{"line":3,"column":0},"end":{"line":3,"column":0}},"3":{"start":{"line":4,"column":0},"end":{"line":4,"column":26}},"4":{"start":{"line":5,"column":0},"end":{"line":5,"column":62}},"5":{"start":{"line":6,"column":0},"end":{"line":6,"column":196}},"6":{"start":{"line":7,"column":0},"end":{"line":7,"column":71}},"7":{"start":{"line":8,"column":0},"end":{"line":8,"column":8}},"8":{"start":{"line":9,"column":0},"end":{"line":9,"column":2}},"9":{"start":{"line":10,"column":0},"end":{"line":10,"column":0}},"10":{"start":{"line":11,"column":0},"end":{"line":11,"column":26}},"11":{"start":{"line":12,"column":0},"end":{"line":12,"column":62}},"12":{"start":{"line":13,"column":0},"end":{"line":13,"column":188}},"13":{"start":{"line":14,"column":0},"end":{"line":14,"column":8}},"14":{"start":{"line":15,"column":0},"end":{"line":15,"column":2}},"15":{"start":{"line":16,"column":0},"end":{"line":16,"column":0}},"16":{"start":{"line":17,"column":0},"end":{"line":17,"column":98}},"17":{"start":{"line":18,"column":0},"end":{"line":18,"column":10}},"18":{"start":{"line":19,"column":0},"end":{"line":19,"column":8}},"19":{"start":{"line":20,"column":0},"end":{"line":20,"column":39}},"20":{"start":{"line":21,"column":0},"end":{"line":21,"column":70}},"21":{"start":{"line":22,"column":0},"end":{"line":22,"column":34}},"22":{"start":{"line":23,"column":0},"end":{"line":23,"column":5}},"23":{"start":{"line":24,"column":0},"end":{"line":24,"column":13}},"24":{"start":{"line":25,"column":0},"end":{"line":25,"column":26}},"25":{"start":{"line":26,"column":0},"end":{"line":26,"column":63}},"26":{"start":{"line":27,"column":0},"end":{"line":27,"column":30}},"27":{"start":{"line":28,"column":0},"end":{"line":28,"column":35}},"28":{"start":{"line":29,"column":0},"end":{"line":29,"column":7}},"29":{"start":{"line":30,"column":0},"end":{"line":30,"column":22}},"30":{"start":{"line":31,"column":0},"end":{"line":31,"column":15}},"31":{"start":{"line":32,"column":0},"end":{"line":32,"column":13}},"32":{"start":{"line":33,"column":0},"end":{"line":33,"column":26}},"33":{"start":{"line":34,"column":0},"end":{"line":34,"column":59}},"34":{"start":{"line":35,"column":0},"end":{"line":35,"column":30}},"35":{"start":{"line":36,"column":0},"end":{"line":36,"column":35}},"36":{"start":{"line":37,"column":0},"end":{"line":37,"column":7}},"37":{"start":{"line":38,"column":0},"end":{"line":38,"column":22}},"38":{"start":{"line":39,"column":0},"end":{"line":39,"column":15}},"39":{"start":{"line":40,"column":0},"end":{"line":40,"column":10}},"40":{"start":{"line":41,"column":0},"end":{"line":41,"column":4}},"41":{"start":{"line":42,"column":0},"end":{"line":42,"column":2}}},"s":{"0":1,"1":1,"2":1,"3":1,"4":4,"5":4,"6":4,"7":4,"8":1,"9":1,"10":1,"11":4,"12":4,"13":4,"14":1,"15":1,"16":1,"17":4,"18":4,"19":4,"20":4,"21":4,"22":4,"23":4,"24":4,"25":4,"26":4,"27":4,"28":4,"29":4,"30":4,"31":4,"32":4,"33":4,"34":4,"35":4,"36":4,"37":4,"38":4,"39":4,"40":4,"41":4},"branchMap":{"0":{"type":"branch","line":4,"loc":{"start":{"line":4,"column":19},"end":{"line":8,"column":8}},"locations":[{"start":{"line":4,"column":19},"end":{"line":8,"column":8}}]},"1":{"type":"branch","line":11,"loc":{"start":{"line":11,"column":19},"end":{"line":14,"column":8}},"locations":[{"start":{"line":11,"column":19},"end":{"line":14,"column":8}}]},"2":{"type":"branch","line":17,"loc":{"start":{"line":17,"column":59},"end":{"line":42,"column":2}},"locations":[{"start":{"line":17,"column":59},"end":{"line":42,"column":2}}]}},"b":{"0":[4],"1":[4],"2":[4]},"fnMap":{"0":{"name":"AcceptIcon","decl":{"start":{"line":4,"column":19},"end":{"line":8,"column":8}},"loc":{"start":{"line":4,"column":19},"end":{"line":8,"column":8}},"line":4},"1":{"name":"RejectIcon","decl":{"start":{"line":11,"column":19},"end":{"line":14,"column":8}},"loc":{"start":{"line":11,"column":19},"end":{"line":14,"column":8}},"line":11},"2":{"name":"ReviewButtons","decl":{"start":{"line":17,"column":59},"end":{"line":42,"column":2}},"loc":{"start":{"line":17,"column":59},"end":{"line":42,"column":2}},"line":17}},"f":{"0":4,"1":4,"2":4}}
,"C:\\projects\\emb\\modules\\rayo-editor\\src\\components\\TitleTextarea.tsx": {"path":"C:\\projects\\emb\\modules\\rayo-editor\\src\\components\\TitleTextarea.tsx","all":false,"statementMap":{"0":{"start":{"line":1,"column":0},"end":{"line":1,"column":62}},"1":{"start":{"line":2,"column":0},"end":{"line":2,"column":58}},"2":{"start":{"line":3,"column":0},"end":{"line":3,"column":0}},"3":{"start":{"line":4,"column":0},"end":{"line":4,"column":100}},"4":{"start":{"line":5,"column":0},"end":{"line":5,"column":56}},"5":{"start":{"line":6,"column":0},"end":{"line":6,"column":0}},"6":{"start":{"line":7,"column":0},"end":{"line":7,"column":42}},"7":{"start":{"line":8,"column":0},"end":{"line":8,"column":41}},"8":{"start":{"line":9,"column":0},"end":{"line":9,"column":19}},"9":{"start":{"line":10,"column":0},"end":{"line":10,"column":37}},"10":{"start":{"line":11,"column":0},"end":{"line":11,"column":59}},"11":{"start":{"line":12,"column":0},"end":{"line":12,"column":5}},"12":{"start":{"line":13,"column":0},"end":{"line":13,"column":9}},"13":{"start":{"line":14,"column":0},"end":{"line":14,"column":0}},"14":{"start":{"line":15,"column":0},"end":{"line":15,"column":19}},"15":{"start":{"line":16,"column":0},"end":{"line":16,"column":19}},"16":{"start":{"line":17,"column":0},"end":{"line":17,"column":28}},"17":{"start":{"line":18,"column":0},"end":{"line":18,"column":0}},"18":{"start":{"line":19,"column":0},"end":{"line":19,"column":10}},"19":{"start":{"line":20,"column":0},"end":{"line":20,"column":13}},"20":{"start":{"line":21,"column":0},"end":{"line":21,"column":23}},"21":{"start":{"line":22,"column":0},"end":{"line":22,"column":19}},"22":{"start":{"line":23,"column":0},"end":{"line":23,"column":24}},"23":{"start":{"line":24,"column":0},"end":{"line":24,"column":40}},"24":{"start":{"line":25,"column":0},"end":{"line":25,"column":23}},"25":{"start":{"line":26,"column":0},"end":{"line":26,"column":8}},"26":{"start":{"line":27,"column":0},"end":{"line":27,"column":39}},"27":{"start":{"line":28,"column":0},"end":{"line":28,"column":68}},"28":{"start":{"line":29,"column":0},"end":{"line":29,"column":25}},"29":{"start":{"line":30,"column":0},"end":{"line":30,"column":14}},"30":{"start":{"line":31,"column":0},"end":{"line":31,"column":34}},"31":{"start":{"line":32,"column":0},"end":{"line":32,"column":6}},"32":{"start":{"line":33,"column":0},"end":{"line":33,"column":4}},"33":{"start":{"line":34,"column":0},"end":{"line":34,"column":2}}},"s":{"0":1,"1":1,"2":1,"3":1,"4":199,"5":199,"6":199,"7":113,"8":113,"9":113,"10":113,"11":113,"12":199,"13":199,"14":199,"15":107,"16":199,"17":199,"18":199,"19":199,"20":199,"21":199,"22":199,"23":6,"24":6,"25":6,"26":199,"27":199,"28":199,"29":199,"30":199,"31":199,"32":199,"33":199},"branchMap":{"0":{"type":"branch","line":4,"loc":{"start":{"line":4,"column":59},"end":{"line":34,"column":2}},"locations":[{"start":{"line":4,"column":59},"end":{"line":34,"column":2}}]},"1":{"type":"branch","line":7,"loc":{"start":{"line":7,"column":35},"end":{"line":13,"column":5}},"locations":[{"start":{"line":7,"column":35},"end":{"line":13,"column":5}}]},"2":{"type":"branch","line":15,"loc":{"start":{"line":15,"column":12},"end":{"line":17,"column":5}},"locations":[{"start":{"line":15,"column":12},"end":{"line":17,"column":5}}]},"3":{"type":"branch","line":23,"loc":{"start":{"line":23,"column":16},"end":{"line":26,"column":8}},"locations":[{"start":{"line":23,"column":16},"end":{"line":26,"column":8}}]},"4":{"type":"branch","line":24,"loc":{"start":{"line":24,"column":8},"end":{"line":24,"column":40}},"locations":[{"start":{"line":24,"column":8},"end":{"line":24,"column":40}}]}},"b":{"0":[199],"1":[113],"2":[107],"3":[6],"4":[5]},"fnMap":{"0":{"name":"TitleTextarea","decl":{"start":{"line":4,"column":59},"end":{"line":34,"column":2}},"loc":{"start":{"line":4,"column":59},"end":{"line":34,"column":2}},"line":4},"1":{"name":"onChange","decl":{"start":{"line":23,"column":16},"end":{"line":26,"column":8}},"loc":{"start":{"line":23,"column":16},"end":{"line":26,"column":8}},"line":23}},"f":{"0":199,"1":6}}
,"C:\\projects\\emb\\modules\\rayo-editor\\src\\hooks\\useContentProcessing.ts": {"path":"C:\\projects\\emb\\modules\\rayo-editor\\src\\hooks\\useContentProcessing.ts","all":false,"statementMap":{"0":{"start":{"line":1,"column":0},"end":{"line":1,"column":46}},"1":{"start":{"line":2,"column":0},"end":{"line":2,"column":0}},"2":{"start":{"line":3,"column":0},"end":{"line":3,"column":3}},"3":{"start":{"line":4,"column":0},"end":{"line":4,"column":54}},"4":{"start":{"line":5,"column":0},"end":{"line":5,"column":2}},"5":{"start":{"line":6,"column":0},"end":{"line":6,"column":76}},"6":{"start":{"line":7,"column":0},"end":{"line":7,"column":68}},"7":{"start":{"line":8,"column":0},"end":{"line":8,"column":52}},"8":{"start":{"line":9,"column":0},"end":{"line":9,"column":2}},"9":{"start":{"line":10,"column":0},"end":{"line":10,"column":72}},"10":{"start":{"line":11,"column":0},"end":{"line":11,"column":62}},"11":{"start":{"line":12,"column":0},"end":{"line":12,"column":2}},"12":{"start":{"line":13,"column":0},"end":{"line":13,"column":57}},"13":{"start":{"line":14,"column":0},"end":{"line":14,"column":50}},"14":{"start":{"line":15,"column":0},"end":{"line":15,"column":67}},"15":{"start":{"line":16,"column":0},"end":{"line":16,"column":64}},"16":{"start":{"line":17,"column":0},"end":{"line":17,"column":59}},"17":{"start":{"line":18,"column":0},"end":{"line":18,"column":77}},"18":{"start":{"line":19,"column":0},"end":{"line":19,"column":2}},"19":{"start":{"line":20,"column":0},"end":{"line":20,"column":11}},"20":{"start":{"line":21,"column":0},"end":{"line":21,"column":9}},"21":{"start":{"line":22,"column":0},"end":{"line":22,"column":10}},"22":{"start":{"line":23,"column":0},"end":{"line":23,"column":13}},"23":{"start":{"line":24,"column":0},"end":{"line":24,"column":18}},"24":{"start":{"line":25,"column":0},"end":{"line":25,"column":11}},"25":{"start":{"line":26,"column":0},"end":{"line":26,"column":19}},"26":{"start":{"line":27,"column":0},"end":{"line":27,"column":47}},"27":{"start":{"line":28,"column":0},"end":{"line":28,"column":2}},"28":{"start":{"line":29,"column":0},"end":{"line":29,"column":40}},"29":{"start":{"line":30,"column":0},"end":{"line":30,"column":51}},"30":{"start":{"line":31,"column":0},"end":{"line":31,"column":22}},"31":{"start":{"line":32,"column":0},"end":{"line":32,"column":40}},"32":{"start":{"line":33,"column":0},"end":{"line":33,"column":28}},"33":{"start":{"line":34,"column":0},"end":{"line":34,"column":2}},"34":{"start":{"line":35,"column":0},"end":{"line":35,"column":38}},"35":{"start":{"line":36,"column":0},"end":{"line":36,"column":5}},"36":{"start":{"line":37,"column":0},"end":{"line":37,"column":2}},"37":{"start":{"line":38,"column":0},"end":{"line":38,"column":11}},"38":{"start":{"line":39,"column":0},"end":{"line":39,"column":7}},"39":{"start":{"line":40,"column":0},"end":{"line":40,"column":62}},"40":{"start":{"line":41,"column":0},"end":{"line":41,"column":65}},"41":{"start":{"line":42,"column":0},"end":{"line":42,"column":53}},"42":{"start":{"line":43,"column":0},"end":{"line":43,"column":16}},"43":{"start":{"line":44,"column":0},"end":{"line":44,"column":8}},"44":{"start":{"line":45,"column":0},"end":{"line":45,"column":5}},"45":{"start":{"line":46,"column":0},"end":{"line":46,"column":6}},"46":{"start":{"line":47,"column":0},"end":{"line":47,"column":2}},"47":{"start":{"line":48,"column":0},"end":{"line":48,"column":11}},"48":{"start":{"line":49,"column":0},"end":{"line":49,"column":19}},"49":{"start":{"line":50,"column":0},"end":{"line":50,"column":9}},"50":{"start":{"line":51,"column":0},"end":{"line":51,"column":78}},"51":{"start":{"line":52,"column":0},"end":{"line":52,"column":2}},"52":{"start":{"line":53,"column":0},"end":{"line":53,"column":11}},"53":{"start":{"line":54,"column":0},"end":{"line":54,"column":16}},"54":{"start":{"line":55,"column":0},"end":{"line":55,"column":24}},"55":{"start":{"line":56,"column":0},"end":{"line":56,"column":15}},"56":{"start":{"line":57,"column":0},"end":{"line":57,"column":32}},"57":{"start":{"line":58,"column":0},"end":{"line":58,"column":31}},"58":{"start":{"line":59,"column":0},"end":{"line":59,"column":28}},"59":{"start":{"line":60,"column":0},"end":{"line":60,"column":7}},"60":{"start":{"line":61,"column":0},"end":{"line":61,"column":5}},"61":{"start":{"line":62,"column":0},"end":{"line":62,"column":6}},"62":{"start":{"line":63,"column":0},"end":{"line":63,"column":2}},"63":{"start":{"line":64,"column":0},"end":{"line":64,"column":11}},"64":{"start":{"line":65,"column":0},"end":{"line":65,"column":18}},"65":{"start":{"line":66,"column":0},"end":{"line":66,"column":9}},"66":{"start":{"line":67,"column":0},"end":{"line":67,"column":83}},"67":{"start":{"line":68,"column":0},"end":{"line":68,"column":2}},"68":{"start":{"line":69,"column":0},"end":{"line":69,"column":60}},"69":{"start":{"line":70,"column":0},"end":{"line":70,"column":10}},"70":{"start":{"line":71,"column":0},"end":{"line":71,"column":34}},"71":{"start":{"line":72,"column":0},"end":{"line":72,"column":20}},"72":{"start":{"line":73,"column":0},"end":{"line":73,"column":48}},"73":{"start":{"line":74,"column":0},"end":{"line":74,"column":6}},"74":{"start":{"line":75,"column":0},"end":{"line":75,"column":24}},"75":{"start":{"line":76,"column":0},"end":{"line":76,"column":6}},"76":{"start":{"line":77,"column":0},"end":{"line":77,"column":3}},"77":{"start":{"line":78,"column":0},"end":{"line":78,"column":70}},"78":{"start":{"line":79,"column":0},"end":{"line":79,"column":57}},"79":{"start":{"line":80,"column":0},"end":{"line":80,"column":58}},"80":{"start":{"line":81,"column":0},"end":{"line":81,"column":57}},"81":{"start":{"line":82,"column":0},"end":{"line":82,"column":0}},"82":{"start":{"line":83,"column":0},"end":{"line":83,"column":62}},"83":{"start":{"line":84,"column":0},"end":{"line":84,"column":9}},"84":{"start":{"line":85,"column":0},"end":{"line":85,"column":28}},"85":{"start":{"line":86,"column":0},"end":{"line":86,"column":21}},"86":{"start":{"line":87,"column":0},"end":{"line":87,"column":29}},"87":{"start":{"line":88,"column":0},"end":{"line":88,"column":19}},"88":{"start":{"line":89,"column":0},"end":{"line":89,"column":72}},"89":{"start":{"line":90,"column":0},"end":{"line":90,"column":15}},"90":{"start":{"line":91,"column":0},"end":{"line":91,"column":29}},"91":{"start":{"line":92,"column":0},"end":{"line":92,"column":5}},"92":{"start":{"line":93,"column":0},"end":{"line":93,"column":9}},"93":{"start":{"line":94,"column":0},"end":{"line":94,"column":0}},"94":{"start":{"line":95,"column":0},"end":{"line":95,"column":10}},"95":{"start":{"line":96,"column":0},"end":{"line":96,"column":12}},"96":{"start":{"line":97,"column":0},"end":{"line":97,"column":15}},"97":{"start":{"line":98,"column":0},"end":{"line":98,"column":17}},"98":{"start":{"line":99,"column":0},"end":{"line":99,"column":10}},"99":{"start":{"line":100,"column":0},"end":{"line":100,"column":18}},"100":{"start":{"line":101,"column":0},"end":{"line":101,"column":4}},"101":{"start":{"line":102,"column":0},"end":{"line":102,"column":2}}},"s":{"0":1,"1":1,"2":1,"3":1,"4":1,"5":1,"6":1,"7":1,"8":1,"9":1,"10":1,"11":1,"12":1,"13":1,"14":1,"15":1,"16":1,"17":1,"18":1,"19":1,"20":1,"21":1,"22":1,"23":1,"24":1,"25":1,"26":1,"27":1,"28":1,"29":1,"30":1,"31":1,"32":1,"33":1,"34":1,"35":1,"36":1,"37":1,"38":1,"39":1,"40":1,"41":1,"42":1,"43":1,"44":1,"45":1,"46":1,"47":1,"48":1,"49":1,"50":1,"51":1,"52":1,"53":1,"54":1,"55":1,"56":1,"57":1,"58":1,"59":1,"60":1,"61":1,"62":1,"63":1,"64":1,"65":1,"66":1,"67":1,"68":1,"69":1,"70":1,"71":1,"72":1,"73":1,"74":1,"75":1,"76":1,"77":1,"78":61,"79":61,"80":61,"81":61,"82":61,"83":25,"84":25,"85":25,"86":25,"87":25,"88":0,"89":25,"90":25,"91":25,"92":61,"93":61,"94":61,"95":61,"96":61,"97":61,"98":61,"99":61,"100":61,"101":61},"branchMap":{"0":{"type":"branch","line":78,"loc":{"start":{"line":78,"column":36},"end":{"line":102,"column":2}},"locations":[{"start":{"line":78,"column":36},"end":{"line":102,"column":2}}]},"1":{"type":"branch","line":83,"loc":{"start":{"line":83,"column":37},"end":{"line":93,"column":5}},"locations":[{"start":{"line":83,"column":37},"end":{"line":93,"column":5}}]},"2":{"type":"branch","line":88,"loc":{"start":{"line":88,"column":4},"end":{"line":90,"column":6}},"locations":[{"start":{"line":88,"column":4},"end":{"line":90,"column":6}}]}},"b":{"0":[61],"1":[25],"2":[0]},"fnMap":{"0":{"name":"useContentProcessing","decl":{"start":{"line":78,"column":36},"end":{"line":102,"column":2}},"loc":{"start":{"line":78,"column":36},"end":{"line":102,"column":2}},"line":78}},"f":{"0":61}}
,"C:\\projects\\emb\\modules\\rayo-editor\\src\\hooks\\useEditorDiff.ts": {"path":"C:\\projects\\emb\\modules\\rayo-editor\\src\\hooks\\useEditorDiff.ts","all":false,"statementMap":{"0":{"start":{"line":1,"column":0},"end":{"line":1,"column":65}},"1":{"start":{"line":2,"column":0},"end":{"line":2,"column":46}},"2":{"start":{"line":3,"column":0},"end":{"line":3,"column":0}},"3":{"start":{"line":4,"column":0},"end":{"line":4,"column":3}},"4":{"start":{"line":5,"column":0},"end":{"line":5,"column":53}},"5":{"start":{"line":6,"column":0},"end":{"line":6,"column":2}},"6":{"start":{"line":7,"column":0},"end":{"line":7,"column":77}},"7":{"start":{"line":8,"column":0},"end":{"line":8,"column":72}},"8":{"start":{"line":9,"column":0},"end":{"line":9,"column":2}},"9":{"start":{"line":10,"column":0},"end":{"line":10,"column":54}},"10":{"start":{"line":11,"column":0},"end":{"line":11,"column":42}},"11":{"start":{"line":12,"column":0},"end":{"line":12,"column":67}},"12":{"start":{"line":13,"column":0},"end":{"line":13,"column":56}},"13":{"start":{"line":14,"column":0},"end":{"line":14,"column":2}},"14":{"start":{"line":15,"column":0},"end":{"line":15,"column":50}},"15":{"start":{"line":16,"column":0},"end":{"line":16,"column":59}},"16":{"start":{"line":17,"column":0},"end":{"line":17,"column":68}},"17":{"start":{"line":18,"column":0},"end":{"line":18,"column":73}},"18":{"start":{"line":19,"column":0},"end":{"line":19,"column":68}},"19":{"start":{"line":20,"column":0},"end":{"line":20,"column":60}},"20":{"start":{"line":21,"column":0},"end":{"line":21,"column":68}},"21":{"start":{"line":22,"column":0},"end":{"line":22,"column":71}},"22":{"start":{"line":23,"column":0},"end":{"line":23,"column":77}},"23":{"start":{"line":24,"column":0},"end":{"line":24,"column":67}},"24":{"start":{"line":25,"column":0},"end":{"line":25,"column":2}},"25":{"start":{"line":26,"column":0},"end":{"line":26,"column":11}},"26":{"start":{"line":27,"column":0},"end":{"line":27,"column":9}},"27":{"start":{"line":28,"column":0},"end":{"line":28,"column":10}},"28":{"start":{"line":29,"column":0},"end":{"line":29,"column":15}},"29":{"start":{"line":30,"column":0},"end":{"line":30,"column":21}},"30":{"start":{"line":31,"column":0},"end":{"line":31,"column":20}},"31":{"start":{"line":32,"column":0},"end":{"line":32,"column":21}},"32":{"start":{"line":33,"column":0},"end":{"line":33,"column":54}},"33":{"start":{"line":34,"column":0},"end":{"line":34,"column":2}},"34":{"start":{"line":35,"column":0},"end":{"line":35,"column":24}},"35":{"start":{"line":36,"column":0},"end":{"line":36,"column":20}},"36":{"start":{"line":37,"column":0},"end":{"line":37,"column":24}},"37":{"start":{"line":38,"column":0},"end":{"line":38,"column":17}},"38":{"start":{"line":39,"column":0},"end":{"line":39,"column":6}},"39":{"start":{"line":40,"column":0},"end":{"line":40,"column":2}},"40":{"start":{"line":41,"column":0},"end":{"line":41,"column":11}},"41":{"start":{"line":42,"column":0},"end":{"line":42,"column":23}},"42":{"start":{"line":43,"column":0},"end":{"line":43,"column":9}},"43":{"start":{"line":44,"column":0},"end":{"line":44,"column":10}},"44":{"start":{"line":45,"column":0},"end":{"line":45,"column":15}},"45":{"start":{"line":46,"column":0},"end":{"line":46,"column":24}},"46":{"start":{"line":47,"column":0},"end":{"line":47,"column":22}},"47":{"start":{"line":48,"column":0},"end":{"line":48,"column":32}},"48":{"start":{"line":49,"column":0},"end":{"line":49,"column":2}},"49":{"start":{"line":50,"column":0},"end":{"line":50,"column":53}},"50":{"start":{"line":51,"column":0},"end":{"line":51,"column":35}},"51":{"start":{"line":52,"column":0},"end":{"line":52,"column":6}},"52":{"start":{"line":53,"column":0},"end":{"line":53,"column":3}},"53":{"start":{"line":54,"column":0},"end":{"line":54,"column":87}},"54":{"start":{"line":55,"column":0},"end":{"line":55,"column":61}},"55":{"start":{"line":56,"column":0},"end":{"line":56,"column":61}},"56":{"start":{"line":57,"column":0},"end":{"line":57,"column":59}},"57":{"start":{"line":58,"column":0},"end":{"line":58,"column":68}},"58":{"start":{"line":59,"column":0},"end":{"line":59,"column":0}},"59":{"start":{"line":60,"column":0},"end":{"line":60,"column":40}},"60":{"start":{"line":61,"column":0},"end":{"line":61,"column":41}},"61":{"start":{"line":62,"column":0},"end":{"line":62,"column":0}},"62":{"start":{"line":63,"column":0},"end":{"line":63,"column":46}},"63":{"start":{"line":64,"column":0},"end":{"line":64,"column":40}},"64":{"start":{"line":65,"column":0},"end":{"line":65,"column":0}},"65":{"start":{"line":66,"column":0},"end":{"line":66,"column":27}},"66":{"start":{"line":67,"column":0},"end":{"line":67,"column":57}},"67":{"start":{"line":68,"column":0},"end":{"line":68,"column":0}},"68":{"start":{"line":69,"column":0},"end":{"line":69,"column":9}},"69":{"start":{"line":70,"column":0},"end":{"line":70,"column":37}},"70":{"start":{"line":71,"column":0},"end":{"line":71,"column":41}},"71":{"start":{"line":72,"column":0},"end":{"line":72,"column":23}},"72":{"start":{"line":73,"column":0},"end":{"line":73,"column":15}},"73":{"start":{"line":74,"column":0},"end":{"line":74,"column":38}},"74":{"start":{"line":75,"column":0},"end":{"line":75,"column":48}},"75":{"start":{"line":76,"column":0},"end":{"line":76,"column":5}},"76":{"start":{"line":77,"column":0},"end":{"line":77,"column":9}},"77":{"start":{"line":78,"column":0},"end":{"line":78,"column":0}},"78":{"start":{"line":79,"column":0},"end":{"line":79,"column":19}},"79":{"start":{"line":80,"column":0},"end":{"line":80,"column":23}},"80":{"start":{"line":81,"column":0},"end":{"line":81,"column":25}},"81":{"start":{"line":82,"column":0},"end":{"line":82,"column":0}},"82":{"start":{"line":83,"column":0},"end":{"line":83,"column":10}},"83":{"start":{"line":84,"column":0},"end":{"line":84,"column":14}},"84":{"start":{"line":85,"column":0},"end":{"line":85,"column":17}},"85":{"start":{"line":86,"column":0},"end":{"line":86,"column":20}},"86":{"start":{"line":87,"column":0},"end":{"line":87,"column":23}},"87":{"start":{"line":88,"column":0},"end":{"line":88,"column":19}},"88":{"start":{"line":89,"column":0},"end":{"line":89,"column":22}},"89":{"start":{"line":90,"column":0},"end":{"line":90,"column":20}},"90":{"start":{"line":91,"column":0},"end":{"line":91,"column":23}},"91":{"start":{"line":92,"column":0},"end":{"line":92,"column":20}},"92":{"start":{"line":93,"column":0},"end":{"line":93,"column":4}},"93":{"start":{"line":94,"column":0},"end":{"line":94,"column":2}}},"s":{"0":1,"1":1,"2":1,"3":1,"4":1,"5":1,"6":1,"7":1,"8":1,"9":1,"10":1,"11":1,"12":1,"13":1,"14":1,"15":1,"16":1,"17":1,"18":1,"19":1,"20":1,"21":1,"22":1,"23":1,"24":1,"25":1,"26":1,"27":1,"28":1,"29":1,"30":1,"31":1,"32":1,"33":1,"34":1,"35":1,"36":1,"37":1,"38":1,"39":1,"40":1,"41":1,"42":1,"43":1,"44":1,"45":1,"46":1,"47":1,"48":1,"49":1,"50":1,"51":1,"52":1,"53":1,"54":172,"55":172,"56":172,"57":172,"58":172,"59":172,"60":172,"61":172,"62":172,"63":73,"64":73,"65":73,"66":73,"67":73,"68":73,"69":73,"70":73,"71":73,"72":73,"73":73,"74":73,"75":73,"76":172,"77":172,"78":172,"79":73,"80":172,"81":172,"82":172,"83":172,"84":172,"85":172,"86":172,"87":172,"88":172,"89":172,"90":172,"91":172,"92":172,"93":172},"branchMap":{"0":{"type":"branch","line":54,"loc":{"start":{"line":54,"column":29},"end":{"line":94,"column":2}},"locations":[{"start":{"line":54,"column":29},"end":{"line":94,"column":2}}]},"1":{"type":"branch","line":63,"loc":{"start":{"line":63,"column":39},"end":{"line":77,"column":5}},"locations":[{"start":{"line":63,"column":39},"end":{"line":77,"column":5}}]},"2":{"type":"branch","line":64,"loc":{"start":{"line":64,"column":33},"end":{"line":64,"column":40}},"locations":[{"start":{"line":64,"column":33},"end":{"line":64,"column":40}}]},"3":{"type":"branch","line":67,"loc":{"start":{"line":67,"column":50},"end":{"line":67,"column":57}},"locations":[{"start":{"line":67,"column":50},"end":{"line":67,"column":57}}]},"4":{"type":"branch","line":79,"loc":{"start":{"line":79,"column":12},"end":{"line":81,"column":5}},"locations":[{"start":{"line":79,"column":12},"end":{"line":81,"column":5}}]}},"b":{"0":[172],"1":[73],"2":[0],"3":[0],"4":[73]},"fnMap":{"0":{"name":"useEditorDiff","decl":{"start":{"line":54,"column":29},"end":{"line":94,"column":2}},"loc":{"start":{"line":54,"column":29},"end":{"line":94,"column":2}},"line":54}},"f":{"0":172}}
,"C:\\projects\\emb\\modules\\rayo-editor\\src\\utils\\contentProcessing.ts": {"path":"C:\\projects\\emb\\modules\\rayo-editor\\src\\utils\\contentProcessing.ts","all":false,"statementMap":{"0":{"start":{"line":1,"column":0},"end":{"line":1,"column":3}},"1":{"start":{"line":2,"column":0},"end":{"line":2,"column":45}},"2":{"start":{"line":3,"column":0},"end":{"line":3,"column":2}},"3":{"start":{"line":4,"column":0},"end":{"line":4,"column":69}},"4":{"start":{"line":5,"column":0},"end":{"line":5,"column":72}},"5":{"start":{"line":6,"column":0},"end":{"line":6,"column":34}},"6":{"start":{"line":7,"column":0},"end":{"line":7,"column":3}},"7":{"start":{"line":8,"column":0},"end":{"line":8,"column":52}},"8":{"start":{"line":9,"column":0},"end":{"line":9,"column":0}},"9":{"start":{"line":10,"column":0},"end":{"line":10,"column":3}},"10":{"start":{"line":11,"column":0},"end":{"line":11,"column":62}},"11":{"start":{"line":12,"column":0},"end":{"line":12,"column":2}},"12":{"start":{"line":13,"column":0},"end":{"line":13,"column":73}},"13":{"start":{"line":14,"column":0},"end":{"line":14,"column":68}},"14":{"start":{"line":15,"column":0},"end":{"line":15,"column":2}},"15":{"start":{"line":16,"column":0},"end":{"line":16,"column":54}},"16":{"start":{"line":17,"column":0},"end":{"line":17,"column":66}},"17":{"start":{"line":18,"column":0},"end":{"line":18,"column":2}},"18":{"start":{"line":19,"column":0},"end":{"line":19,"column":11}},"19":{"start":{"line":20,"column":0},"end":{"line":20,"column":9}},"20":{"start":{"line":21,"column":0},"end":{"line":21,"column":19}},"21":{"start":{"line":22,"column":0},"end":{"line":22,"column":24}},"22":{"start":{"line":23,"column":0},"end":{"line":23,"column":41}},"23":{"start":{"line":24,"column":0},"end":{"line":24,"column":41}},"24":{"start":{"line":25,"column":0},"end":{"line":25,"column":5}},"25":{"start":{"line":26,"column":0},"end":{"line":26,"column":49}},"26":{"start":{"line":27,"column":0},"end":{"line":27,"column":36}},"27":{"start":{"line":28,"column":0},"end":{"line":28,"column":6}},"28":{"start":{"line":29,"column":0},"end":{"line":29,"column":2}},"29":{"start":{"line":30,"column":0},"end":{"line":30,"column":11}},"30":{"start":{"line":31,"column":0},"end":{"line":31,"column":30}},"31":{"start":{"line":32,"column":0},"end":{"line":32,"column":9}},"32":{"start":{"line":33,"column":0},"end":{"line":33,"column":53}},"33":{"start":{"line":34,"column":0},"end":{"line":34,"column":56}},"34":{"start":{"line":35,"column":0},"end":{"line":35,"column":31}},"35":{"start":{"line":36,"column":0},"end":{"line":36,"column":6}},"36":{"start":{"line":37,"column":0},"end":{"line":37,"column":3}},"37":{"start":{"line":38,"column":0},"end":{"line":38,"column":74}},"38":{"start":{"line":39,"column":0},"end":{"line":39,"column":28}},"39":{"start":{"line":40,"column":0},"end":{"line":40,"column":14}},"40":{"start":{"line":41,"column":0},"end":{"line":41,"column":3}},"41":{"start":{"line":42,"column":0},"end":{"line":42,"column":0}},"42":{"start":{"line":43,"column":0},"end":{"line":43,"column":27}},"43":{"start":{"line":44,"column":0},"end":{"line":44,"column":61}},"44":{"start":{"line":45,"column":0},"end":{"line":45,"column":0}},"45":{"start":{"line":46,"column":0},"end":{"line":46,"column":33}},"46":{"start":{"line":47,"column":0},"end":{"line":47,"column":26}},"47":{"start":{"line":48,"column":0},"end":{"line":48,"column":0}},"48":{"start":{"line":49,"column":0},"end":{"line":49,"column":43}},"49":{"start":{"line":50,"column":0},"end":{"line":50,"column":27}},"50":{"start":{"line":51,"column":0},"end":{"line":51,"column":0}},"51":{"start":{"line":52,"column":0},"end":{"line":52,"column":59}},"52":{"start":{"line":53,"column":0},"end":{"line":53,"column":34}},"53":{"start":{"line":54,"column":0},"end":{"line":54,"column":17}},"54":{"start":{"line":55,"column":0},"end":{"line":55,"column":27}},"55":{"start":{"line":56,"column":0},"end":{"line":56,"column":41}},"56":{"start":{"line":57,"column":0},"end":{"line":57,"column":8}},"57":{"start":{"line":58,"column":0},"end":{"line":58,"column":12}},"58":{"start":{"line":59,"column":0},"end":{"line":59,"column":54}},"59":{"start":{"line":60,"column":0},"end":{"line":60,"column":27}},"60":{"start":{"line":61,"column":0},"end":{"line":61,"column":21}},"61":{"start":{"line":62,"column":0},"end":{"line":62,"column":5}},"62":{"start":{"line":63,"column":0},"end":{"line":63,"column":3}},"63":{"start":{"line":64,"column":0},"end":{"line":64,"column":0}},"64":{"start":{"line":65,"column":0},"end":{"line":65,"column":23}},"65":{"start":{"line":66,"column":0},"end":{"line":66,"column":16}},"66":{"start":{"line":67,"column":0},"end":{"line":67,"column":1}},"67":{"start":{"line":68,"column":0},"end":{"line":68,"column":0}},"68":{"start":{"line":69,"column":0},"end":{"line":69,"column":3}},"69":{"start":{"line":70,"column":0},"end":{"line":70,"column":59}},"70":{"start":{"line":71,"column":0},"end":{"line":71,"column":2}},"71":{"start":{"line":72,"column":0},"end":{"line":72,"column":55}},"72":{"start":{"line":73,"column":0},"end":{"line":73,"column":61}},"73":{"start":{"line":74,"column":0},"end":{"line":74,"column":2}},"74":{"start":{"line":75,"column":0},"end":{"line":75,"column":41}},"75":{"start":{"line":76,"column":0},"end":{"line":76,"column":60}},"76":{"start":{"line":77,"column":0},"end":{"line":77,"column":40}},"77":{"start":{"line":78,"column":0},"end":{"line":78,"column":2}},"78":{"start":{"line":79,"column":0},"end":{"line":79,"column":11}},"79":{"start":{"line":80,"column":0},"end":{"line":80,"column":9}},"80":{"start":{"line":81,"column":0},"end":{"line":81,"column":30}},"81":{"start":{"line":82,"column":0},"end":{"line":82,"column":36}},"82":{"start":{"line":83,"column":0},"end":{"line":83,"column":46}},"83":{"start":{"line":84,"column":0},"end":{"line":84,"column":6}},"84":{"start":{"line":85,"column":0},"end":{"line":85,"column":3}},"85":{"start":{"line":86,"column":0},"end":{"line":86,"column":79}},"86":{"start":{"line":87,"column":0},"end":{"line":87,"column":49}},"87":{"start":{"line":88,"column":0},"end":{"line":88,"column":1}},"88":{"start":{"line":89,"column":0},"end":{"line":89,"column":0}},"89":{"start":{"line":90,"column":0},"end":{"line":90,"column":3}},"90":{"start":{"line":91,"column":0},"end":{"line":91,"column":80}},"91":{"start":{"line":92,"column":0},"end":{"line":92,"column":2}},"92":{"start":{"line":93,"column":0},"end":{"line":93,"column":30}},"93":{"start":{"line":94,"column":0},"end":{"line":94,"column":48}},"94":{"start":{"line":95,"column":0},"end":{"line":95,"column":47}},"95":{"start":{"line":96,"column":0},"end":{"line":96,"column":2}},"96":{"start":{"line":97,"column":0},"end":{"line":97,"column":62}},"97":{"start":{"line":98,"column":0},"end":{"line":98,"column":2}},"98":{"start":{"line":99,"column":0},"end":{"line":99,"column":57}},"99":{"start":{"line":100,"column":0},"end":{"line":100,"column":75}},"100":{"start":{"line":101,"column":0},"end":{"line":101,"column":2}},"101":{"start":{"line":102,"column":0},"end":{"line":102,"column":11}},"102":{"start":{"line":103,"column":0},"end":{"line":103,"column":9}},"103":{"start":{"line":104,"column":0},"end":{"line":104,"column":19}},"104":{"start":{"line":105,"column":0},"end":{"line":105,"column":46}},"105":{"start":{"line":106,"column":0},"end":{"line":106,"column":25}},"106":{"start":{"line":107,"column":0},"end":{"line":107,"column":50}},"107":{"start":{"line":108,"column":0},"end":{"line":108,"column":5}},"108":{"start":{"line":109,"column":0},"end":{"line":109,"column":44}},"109":{"start":{"line":110,"column":0},"end":{"line":110,"column":36}},"110":{"start":{"line":111,"column":0},"end":{"line":111,"column":6}},"111":{"start":{"line":112,"column":0},"end":{"line":112,"column":2}},"112":{"start":{"line":113,"column":0},"end":{"line":113,"column":11}},"113":{"start":{"line":114,"column":0},"end":{"line":114,"column":31}},"114":{"start":{"line":115,"column":0},"end":{"line":115,"column":9}},"115":{"start":{"line":116,"column":0},"end":{"line":116,"column":47}},"116":{"start":{"line":117,"column":0},"end":{"line":117,"column":46}},"117":{"start":{"line":118,"column":0},"end":{"line":118,"column":45}},"118":{"start":{"line":119,"column":0},"end":{"line":119,"column":6}},"119":{"start":{"line":120,"column":0},"end":{"line":120,"column":3}},"120":{"start":{"line":121,"column":0},"end":{"line":121,"column":66}},"121":{"start":{"line":122,"column":0},"end":{"line":122,"column":48}},"122":{"start":{"line":123,"column":0},"end":{"line":123,"column":65}},"123":{"start":{"line":124,"column":0},"end":{"line":124,"column":0}},"124":{"start":{"line":125,"column":0},"end":{"line":125,"column":29}},"125":{"start":{"line":126,"column":0},"end":{"line":126,"column":42}},"126":{"start":{"line":127,"column":0},"end":{"line":127,"column":1}}},"s":{"0":1,"1":1,"2":1,"3":1,"4":1,"5":1,"6":1,"7":1,"8":1,"9":1,"10":1,"11":1,"12":1,"13":1,"14":1,"15":1,"16":1,"17":1,"18":1,"19":1,"20":1,"21":1,"22":1,"23":1,"24":1,"25":1,"26":1,"27":1,"28":1,"29":1,"30":1,"31":1,"32":1,"33":1,"34":1,"35":1,"36":1,"37":1,"38":5,"39":1,"40":1,"41":4,"42":4,"43":4,"44":4,"45":4,"46":4,"47":4,"48":4,"49":4,"50":4,"51":4,"52":4,"53":3,"54":3,"55":3,"56":3,"57":4,"58":1,"59":1,"60":1,"61":1,"62":4,"63":4,"64":4,"65":4,"66":4,"67":1,"68":1,"69":1,"70":1,"71":1,"72":1,"73":1,"74":1,"75":1,"76":1,"77":1,"78":1,"79":1,"80":1,"81":1,"82":1,"83":1,"84":1,"85":1,"86":2,"87":2,"88":1,"89":1,"90":1,"91":1,"92":1,"93":1,"94":1,"95":1,"96":1,"97":1,"98":1,"99":1,"100":1,"101":1,"102":1,"103":1,"104":1,"105":1,"106":1,"107":1,"108":1,"109":1,"110":1,"111":1,"112":1,"113":1,"114":1,"115":1,"116":1,"117":1,"118":1,"119":1,"120":1,"121":1,"122":1,"123":1,"124":1,"125":1,"126":1},"branchMap":{"0":{"type":"branch","line":38,"loc":{"start":{"line":38,"column":7},"end":{"line":67,"column":1}},"locations":[{"start":{"line":38,"column":7},"end":{"line":67,"column":1}}]},"1":{"type":"branch","line":39,"loc":{"start":{"line":39,"column":27},"end":{"line":41,"column":3}},"locations":[{"start":{"line":39,"column":27},"end":{"line":41,"column":3}}]},"2":{"type":"branch","line":41,"loc":{"start":{"line":41,"column":2},"end":{"line":67,"column":1}},"locations":[{"start":{"line":41,"column":2},"end":{"line":67,"column":1}}]},"3":{"type":"branch","line":53,"loc":{"start":{"line":53,"column":33},"end":{"line":58,"column":11}},"locations":[{"start":{"line":53,"column":33},"end":{"line":58,"column":11}}]},"4":{"type":"branch","line":58,"loc":{"start":{"line":58,"column":4},"end":{"line":62,"column":5}},"locations":[{"start":{"line":58,"column":4},"end":{"line":62,"column":5}}]},"5":{"type":"branch","line":44,"loc":{"start":{"line":44,"column":34},"end":{"line":44,"column":59}},"locations":[{"start":{"line":44,"column":34},"end":{"line":44,"column":59}}]},"6":{"type":"branch","line":86,"loc":{"start":{"line":86,"column":7},"end":{"line":88,"column":1}},"locations":[{"start":{"line":86,"column":7},"end":{"line":88,"column":1}}]},"7":{"type":"branch","line":121,"loc":{"start":{"line":121,"column":7},"end":{"line":127,"column":1}},"locations":[{"start":{"line":121,"column":7},"end":{"line":127,"column":1}}]},"8":{"type":"branch","line":123,"loc":{"start":{"line":123,"column":33},"end":{"line":123,"column":63}},"locations":[{"start":{"line":123,"column":33},"end":{"line":123,"column":63}}]}},"b":{"0":[5],"1":[1],"2":[4],"3":[3],"4":[1],"5":[4],"6":[2],"7":[1],"8":[3]},"fnMap":{"0":{"name":"mergeConsecutiveRanges","decl":{"start":{"line":38,"column":7},"end":{"line":67,"column":1}},"loc":{"start":{"line":38,"column":7},"end":{"line":67,"column":1}},"line":38},"1":{"name":"extractTextContent","decl":{"start":{"line":86,"column":7},"end":{"line":88,"column":1}},"loc":{"start":{"line":86,"column":7},"end":{"line":88,"column":1}},"line":86},"2":{"name":"optimizeRanges","decl":{"start":{"line":121,"column":7},"end":{"line":127,"column":1}},"loc":{"start":{"line":121,"column":7},"end":{"line":127,"column":1}},"line":121}},"f":{"0":5,"1":2,"2":1}}
,"C:\\projects\\emb\\modules\\rayo-editor\\src\\utils\\diffDetection.ts": {"path":"C:\\projects\\emb\\modules\\rayo-editor\\src\\utils\\diffDetection.ts","all":false,"statementMap":{"0":{"start":{"line":1,"column":0},"end":{"line":1,"column":3}},"1":{"start":{"line":2,"column":0},"end":{"line":2,"column":41}},"2":{"start":{"line":3,"column":0},"end":{"line":3,"column":2}},"3":{"start":{"line":4,"column":0},"end":{"line":4,"column":77}},"4":{"start":{"line":5,"column":0},"end":{"line":5,"column":75}},"5":{"start":{"line":6,"column":0},"end":{"line":6,"column":41}},"6":{"start":{"line":7,"column":0},"end":{"line":7,"column":3}},"7":{"start":{"line":8,"column":0},"end":{"line":8,"column":66}},"8":{"start":{"line":9,"column":0},"end":{"line":9,"column":0}},"9":{"start":{"line":10,"column":0},"end":{"line":10,"column":3}},"10":{"start":{"line":11,"column":0},"end":{"line":11,"column":38}},"11":{"start":{"line":12,"column":0},"end":{"line":12,"column":2}},"12":{"start":{"line":13,"column":0},"end":{"line":13,"column":85}},"13":{"start":{"line":14,"column":0},"end":{"line":14,"column":30}},"14":{"start":{"line":15,"column":0},"end":{"line":15,"column":77}},"15":{"start":{"line":16,"column":0},"end":{"line":16,"column":59}},"16":{"start":{"line":17,"column":0},"end":{"line":17,"column":2}},"17":{"start":{"line":18,"column":0},"end":{"line":18,"column":57}},"18":{"start":{"line":19,"column":0},"end":{"line":19,"column":71}},"19":{"start":{"line":20,"column":0},"end":{"line":20,"column":2}},"20":{"start":{"line":21,"column":0},"end":{"line":21,"column":11}},"21":{"start":{"line":22,"column":0},"end":{"line":22,"column":9}},"22":{"start":{"line":23,"column":0},"end":{"line":23,"column":65}},"23":{"start":{"line":24,"column":0},"end":{"line":24,"column":60}},"24":{"start":{"line":25,"column":0},"end":{"line":25,"column":33}},"25":{"start":{"line":26,"column":0},"end":{"line":26,"column":36}},"26":{"start":{"line":27,"column":0},"end":{"line":27,"column":6}},"27":{"start":{"line":28,"column":0},"end":{"line":28,"column":2}},"28":{"start":{"line":29,"column":0},"end":{"line":29,"column":11}},"29":{"start":{"line":30,"column":0},"end":{"line":30,"column":39}},"30":{"start":{"line":31,"column":0},"end":{"line":31,"column":9}},"31":{"start":{"line":32,"column":0},"end":{"line":32,"column":60}},"32":{"start":{"line":33,"column":0},"end":{"line":33,"column":69}},"33":{"start":{"line":34,"column":0},"end":{"line":34,"column":65}},"34":{"start":{"line":35,"column":0},"end":{"line":35,"column":6}},"35":{"start":{"line":36,"column":0},"end":{"line":36,"column":3}},"36":{"start":{"line":37,"column":0},"end":{"line":37,"column":73}},"37":{"start":{"line":38,"column":0},"end":{"line":38,"column":7}},"38":{"start":{"line":39,"column":0},"end":{"line":39,"column":20}},"39":{"start":{"line":40,"column":0},"end":{"line":40,"column":38}},"40":{"start":{"line":41,"column":0},"end":{"line":41,"column":48}},"41":{"start":{"line":42,"column":0},"end":{"line":42,"column":46}},"42":{"start":{"line":43,"column":0},"end":{"line":43,"column":52}},"43":{"start":{"line":44,"column":0},"end":{"line":44,"column":50}},"44":{"start":{"line":45,"column":0},"end":{"line":45,"column":0}},"45":{"start":{"line":46,"column":0},"end":{"line":46,"column":37}},"46":{"start":{"line":47,"column":0},"end":{"line":47,"column":0}},"47":{"start":{"line":48,"column":0},"end":{"line":48,"column":20}},"48":{"start":{"line":49,"column":0},"end":{"line":49,"column":46}},"49":{"start":{"line":50,"column":0},"end":{"line":50,"column":5}},"50":{"start":{"line":51,"column":0},"end":{"line":51,"column":0}},"51":{"start":{"line":52,"column":0},"end":{"line":52,"column":22}},"52":{"start":{"line":53,"column":0},"end":{"line":53,"column":55}},"53":{"start":{"line":54,"column":0},"end":{"line":54,"column":14}},"54":{"start":{"line":55,"column":0},"end":{"line":55,"column":55}},"55":{"start":{"line":56,"column":0},"end":{"line":56,"column":20}},"56":{"start":{"line":57,"column":0},"end":{"line":57,"column":26}},"57":{"start":{"line":58,"column":0},"end":{"line":58,"column":26}},"58":{"start":{"line":59,"column":0},"end":{"line":59,"column":41}},"59":{"start":{"line":60,"column":0},"end":{"line":60,"column":9}},"60":{"start":{"line":61,"column":0},"end":{"line":61,"column":5}},"61":{"start":{"line":62,"column":0},"end":{"line":62,"column":0}},"62":{"start":{"line":63,"column":0},"end":{"line":63,"column":22}},"63":{"start":{"line":64,"column":0},"end":{"line":64,"column":55}},"64":{"start":{"line":65,"column":0},"end":{"line":65,"column":55}},"65":{"start":{"line":66,"column":0},"end":{"line":66,"column":20}},"66":{"start":{"line":67,"column":0},"end":{"line":67,"column":25}},"67":{"start":{"line":68,"column":0},"end":{"line":68,"column":26}},"68":{"start":{"line":69,"column":0},"end":{"line":69,"column":41}},"69":{"start":{"line":70,"column":0},"end":{"line":70,"column":9}},"70":{"start":{"line":71,"column":0},"end":{"line":71,"column":5}},"71":{"start":{"line":72,"column":0},"end":{"line":72,"column":0}},"72":{"start":{"line":73,"column":0},"end":{"line":73,"column":30}},"73":{"start":{"line":74,"column":0},"end":{"line":74,"column":49}},"74":{"start":{"line":75,"column":0},"end":{"line":75,"column":35}},"75":{"start":{"line":76,"column":0},"end":{"line":76,"column":20}},"76":{"start":{"line":77,"column":0},"end":{"line":77,"column":26}},"77":{"start":{"line":78,"column":0},"end":{"line":78,"column":26}},"78":{"start":{"line":79,"column":0},"end":{"line":79,"column":9}},"79":{"start":{"line":80,"column":0},"end":{"line":80,"column":5}},"80":{"start":{"line":81,"column":0},"end":{"line":81,"column":0}},"81":{"start":{"line":82,"column":0},"end":{"line":82,"column":28}},"82":{"start":{"line":83,"column":0},"end":{"line":83,"column":45}},"83":{"start":{"line":84,"column":0},"end":{"line":84,"column":33}},"84":{"start":{"line":85,"column":0},"end":{"line":85,"column":20}},"85":{"start":{"line":86,"column":0},"end":{"line":86,"column":26}},"86":{"start":{"line":87,"column":0},"end":{"line":87,"column":24}},"87":{"start":{"line":88,"column":0},"end":{"line":88,"column":9}},"88":{"start":{"line":89,"column":0},"end":{"line":89,"column":5}},"89":{"start":{"line":90,"column":0},"end":{"line":90,"column":0}},"90":{"start":{"line":91,"column":0},"end":{"line":91,"column":39}},"91":{"start":{"line":92,"column":0},"end":{"line":92,"column":19}},"92":{"start":{"line":93,"column":0},"end":{"line":93,"column":50}},"93":{"start":{"line":94,"column":0},"end":{"line":94,"column":44}},"94":{"start":{"line":95,"column":0},"end":{"line":95,"column":3}},"95":{"start":{"line":96,"column":0},"end":{"line":96,"column":2}},"96":{"start":{"line":97,"column":0},"end":{"line":97,"column":0}},"97":{"start":{"line":98,"column":0},"end":{"line":98,"column":3}},"98":{"start":{"line":99,"column":0},"end":{"line":99,"column":48}},"99":{"start":{"line":100,"column":0},"end":{"line":100,"column":2}},"100":{"start":{"line":101,"column":0},"end":{"line":101,"column":54}},"101":{"start":{"line":102,"column":0},"end":{"line":102,"column":38}},"102":{"start":{"line":103,"column":0},"end":{"line":103,"column":57}},"103":{"start":{"line":104,"column":0},"end":{"line":104,"column":75}},"104":{"start":{"line":105,"column":0},"end":{"line":105,"column":63}},"105":{"start":{"line":106,"column":0},"end":{"line":106,"column":34}},"106":{"start":{"line":107,"column":0},"end":{"line":107,"column":48}},"107":{"start":{"line":108,"column":0},"end":{"line":108,"column":2}},"108":{"start":{"line":109,"column":0},"end":{"line":109,"column":34}},"109":{"start":{"line":110,"column":0},"end":{"line":110,"column":51}},"110":{"start":{"line":111,"column":0},"end":{"line":111,"column":2}},"111":{"start":{"line":112,"column":0},"end":{"line":112,"column":11}},"112":{"start":{"line":113,"column":0},"end":{"line":113,"column":9}},"113":{"start":{"line":114,"column":0},"end":{"line":114,"column":42}},"114":{"start":{"line":115,"column":0},"end":{"line":115,"column":46}},"115":{"start":{"line":116,"column":0},"end":{"line":116,"column":51}},"116":{"start":{"line":117,"column":0},"end":{"line":117,"column":6}},"117":{"start":{"line":118,"column":0},"end":{"line":118,"column":2}},"118":{"start":{"line":119,"column":0},"end":{"line":119,"column":11}},"119":{"start":{"line":120,"column":0},"end":{"line":120,"column":31}},"120":{"start":{"line":121,"column":0},"end":{"line":121,"column":9}},"121":{"start":{"line":122,"column":0},"end":{"line":122,"column":35}},"122":{"start":{"line":123,"column":0},"end":{"line":123,"column":35}},"123":{"start":{"line":124,"column":0},"end":{"line":124,"column":69}},"124":{"start":{"line":125,"column":0},"end":{"line":125,"column":6}},"125":{"start":{"line":126,"column":0},"end":{"line":126,"column":3}},"126":{"start":{"line":127,"column":0},"end":{"line":127,"column":60}},"127":{"start":{"line":128,"column":0},"end":{"line":128,"column":7}},"128":{"start":{"line":129,"column":0},"end":{"line":129,"column":15}},"129":{"start":{"line":130,"column":0},"end":{"line":130,"column":23}},"130":{"start":{"line":131,"column":0},"end":{"line":131,"column":26}},"131":{"start":{"line":132,"column":0},"end":{"line":132,"column":38}},"132":{"start":{"line":133,"column":0},"end":{"line":133,"column":25}},"133":{"start":{"line":134,"column":0},"end":{"line":134,"column":63}},"134":{"start":{"line":135,"column":0},"end":{"line":135,"column":25}},"135":{"start":{"line":136,"column":0},"end":{"line":136,"column":63}},"136":{"start":{"line":137,"column":0},"end":{"line":137,"column":25}},"137":{"start":{"line":138,"column":0},"end":{"line":138,"column":50}},"138":{"start":{"line":139,"column":0},"end":{"line":139,"column":50}},"139":{"start":{"line":140,"column":0},"end":{"line":140,"column":26}},"140":{"start":{"line":141,"column":0},"end":{"line":141,"column":44}},"141":{"start":{"line":142,"column":0},"end":{"line":142,"column":24}},"142":{"start":{"line":143,"column":0},"end":{"line":143,"column":27}},"143":{"start":{"line":144,"column":0},"end":{"line":144,"column":14}},"144":{"start":{"line":145,"column":0},"end":{"line":145,"column":19}},"145":{"start":{"line":146,"column":0},"end":{"line":146,"column":54}},"146":{"start":{"line":147,"column":0},"end":{"line":147,"column":16}},"147":{"start":{"line":148,"column":0},"end":{"line":148,"column":3}},"148":{"start":{"line":149,"column":0},"end":{"line":149,"column":2}},"149":{"start":{"line":150,"column":0},"end":{"line":150,"column":0}},"150":{"start":{"line":151,"column":0},"end":{"line":151,"column":3}},"151":{"start":{"line":152,"column":0},"end":{"line":152,"column":40}},"152":{"start":{"line":153,"column":0},"end":{"line":153,"column":2}},"153":{"start":{"line":154,"column":0},"end":{"line":154,"column":77}},"154":{"start":{"line":155,"column":0},"end":{"line":155,"column":72}},"155":{"start":{"line":156,"column":0},"end":{"line":156,"column":2}},"156":{"start":{"line":157,"column":0},"end":{"line":157,"column":56}},"157":{"start":{"line":158,"column":0},"end":{"line":158,"column":90}},"158":{"start":{"line":159,"column":0},"end":{"line":159,"column":64}},"159":{"start":{"line":160,"column":0},"end":{"line":160,"column":2}},"160":{"start":{"line":161,"column":0},"end":{"line":161,"column":11}},"161":{"start":{"line":162,"column":0},"end":{"line":162,"column":9}},"162":{"start":{"line":163,"column":0},"end":{"line":163,"column":56}},"163":{"start":{"line":164,"column":0},"end":{"line":164,"column":45}},"164":{"start":{"line":165,"column":0},"end":{"line":165,"column":51}},"165":{"start":{"line":166,"column":0},"end":{"line":166,"column":6}},"166":{"start":{"line":167,"column":0},"end":{"line":167,"column":2}},"167":{"start":{"line":168,"column":0},"end":{"line":168,"column":11}},"168":{"start":{"line":169,"column":0},"end":{"line":169,"column":18}},"169":{"start":{"line":170,"column":0},"end":{"line":170,"column":9}},"170":{"start":{"line":171,"column":0},"end":{"line":171,"column":57}},"171":{"start":{"line":172,"column":0},"end":{"line":172,"column":55}},"172":{"start":{"line":173,"column":0},"end":{"line":173,"column":6}},"173":{"start":{"line":174,"column":0},"end":{"line":174,"column":3}},"174":{"start":{"line":175,"column":0},"end":{"line":175,"column":56}},"175":{"start":{"line":176,"column":0},"end":{"line":176,"column":51}},"176":{"start":{"line":177,"column":0},"end":{"line":177,"column":12}},"177":{"start":{"line":178,"column":0},"end":{"line":178,"column":2}}},"s":{"0":1,"1":1,"2":1,"3":1,"4":1,"5":1,"6":1,"7":1,"8":1,"9":1,"10":1,"11":1,"12":1,"13":1,"14":1,"15":1,"16":1,"17":1,"18":1,"19":1,"20":1,"21":1,"22":1,"23":1,"24":1,"25":1,"26":1,"27":1,"28":1,"29":1,"30":1,"31":1,"32":1,"33":1,"34":1,"35":1,"36":1,"37":31,"38":31,"39":31,"40":12,"41":9,"42":6,"43":5,"44":31,"45":31,"46":31,"47":31,"48":4,"49":4,"50":27,"51":27,"52":27,"53":27,"54":31,"55":15,"56":15,"57":15,"58":15,"59":15,"60":15,"61":27,"62":27,"63":27,"64":31,"65":8,"66":8,"67":8,"68":8,"69":8,"70":8,"71":27,"72":27,"73":27,"74":31,"75":4,"76":4,"77":4,"78":4,"79":4,"80":27,"81":27,"82":27,"83":31,"84":4,"85":4,"86":4,"87":4,"88":4,"89":27,"90":27,"91":31,"92":0,"93":0,"94":0,"95":31,"96":1,"97":1,"98":1,"99":1,"100":1,"101":1,"102":1,"103":1,"104":1,"105":1,"106":1,"107":1,"108":1,"109":1,"110":1,"111":1,"112":1,"113":1,"114":1,"115":1,"116":1,"117":1,"118":1,"119":1,"120":1,"121":1,"122":1,"123":1,"124":1,"125":1,"126":1,"127":24,"128":24,"129":24,"130":24,"131":24,"132":24,"133":24,"134":24,"135":24,"136":24,"137":24,"138":24,"139":24,"140":24,"141":24,"142":24,"143":24,"144":24,"145":0,"146":0,"147":0,"148":24,"149":1,"150":1,"151":1,"152":1,"153":1,"154":1,"155":1,"156":1,"157":1,"158":1,"159":1,"160":1,"161":1,"162":1,"163":1,"164":1,"165":1,"166":1,"167":1,"168":1,"169":1,"170":1,"171":1,"172":1,"173":1,"174":1,"175":6,"176":6,"177":6},"branchMap":{"0":{"type":"branch","line":37,"loc":{"start":{"line":37,"column":33},"end":{"line":96,"column":2}},"locations":[{"start":{"line":37,"column":33},"end":{"line":96,"column":2}}]},"1":{"type":"branch","line":40,"loc":{"start":{"line":40,"column":34},"end":{"line":41,"column":48}},"locations":[{"start":{"line":40,"column":34},"end":{"line":41,"column":48}}]},"2":{"type":"branch","line":41,"loc":{"start":{"line":41,"column":44},"end":{"line":42,"column":46}},"locations":[{"start":{"line":41,"column":44},"end":{"line":42,"column":46}}]},"3":{"type":"branch","line":42,"loc":{"start":{"line":42,"column":42},"end":{"line":43,"column":52}},"locations":[{"start":{"line":42,"column":42},"end":{"line":43,"column":52}}]},"4":{"type":"branch","line":43,"loc":{"start":{"line":43,"column":48},"end":{"line":44,"column":50}},"locations":[{"start":{"line":43,"column":48},"end":{"line":44,"column":50}}]},"5":{"type":"branch","line":48,"loc":{"start":{"line":48,"column":19},"end":{"line":50,"column":5}},"locations":[{"start":{"line":48,"column":19},"end":{"line":50,"column":5}}]},"6":{"type":"branch","line":50,"loc":{"start":{"line":50,"column":4},"end":{"line":55,"column":54}},"locations":[{"start":{"line":50,"column":4},"end":{"line":55,"column":54}}]},"7":{"type":"branch","line":55,"loc":{"start":{"line":55,"column":54},"end":{"line":61,"column":5}},"locations":[{"start":{"line":55,"column":54},"end":{"line":61,"column":5}}]},"8":{"type":"branch","line":61,"loc":{"start":{"line":61,"column":4},"end":{"line":65,"column":54}},"locations":[{"start":{"line":61,"column":4},"end":{"line":65,"column":54}}]},"9":{"type":"branch","line":65,"loc":{"start":{"line":65,"column":54},"end":{"line":71,"column":5}},"locations":[{"start":{"line":65,"column":54},"end":{"line":71,"column":5}}]},"10":{"type":"branch","line":71,"loc":{"start":{"line":71,"column":4},"end":{"line":75,"column":34}},"locations":[{"start":{"line":71,"column":4},"end":{"line":75,"column":34}}]},"11":{"type":"branch","line":75,"loc":{"start":{"line":75,"column":34},"end":{"line":80,"column":5}},"locations":[{"start":{"line":75,"column":34},"end":{"line":80,"column":5}}]},"12":{"type":"branch","line":80,"loc":{"start":{"line":80,"column":4},"end":{"line":84,"column":32}},"locations":[{"start":{"line":80,"column":4},"end":{"line":84,"column":32}}]},"13":{"type":"branch","line":84,"loc":{"start":{"line":84,"column":32},"end":{"line":89,"column":5}},"locations":[{"start":{"line":84,"column":32},"end":{"line":89,"column":5}}]},"14":{"type":"branch","line":89,"loc":{"start":{"line":89,"column":4},"end":{"line":92,"column":11}},"locations":[{"start":{"line":89,"column":4},"end":{"line":92,"column":11}}]},"15":{"type":"branch","line":92,"loc":{"start":{"line":92,"column":2},"end":{"line":95,"column":3}},"locations":[{"start":{"line":92,"column":2},"end":{"line":95,"column":3}}]},"16":{"type":"branch","line":127,"loc":{"start":{"line":127,"column":33},"end":{"line":149,"column":2}},"locations":[{"start":{"line":127,"column":33},"end":{"line":149,"column":2}}]},"17":{"type":"branch","line":145,"loc":{"start":{"line":145,"column":2},"end":{"line":148,"column":3}},"locations":[{"start":{"line":145,"column":2},"end":{"line":148,"column":3}}]},"18":{"type":"branch","line":175,"loc":{"start":{"line":175,"column":33},"end":{"line":178,"column":2}},"locations":[{"start":{"line":175,"column":33},"end":{"line":178,"column":2}}]}},"b":{"0":[31],"1":[12],"2":[9],"3":[6],"4":[5],"5":[4],"6":[27],"7":[15],"8":[27],"9":[8],"10":[27],"11":[4],"12":[27],"13":[4],"14":[27],"15":[0],"16":[24],"17":[0],"18":[6]},"fnMap":{"0":{"name":"detectDiffMarkers","decl":{"start":{"line":37,"column":33},"end":{"line":96,"column":2}},"loc":{"start":{"line":37,"column":33},"end":{"line":96,"column":2}},"line":37},"1":{"name":"normalizeDiffText","decl":{"start":{"line":127,"column":33},"end":{"line":149,"column":2}},"loc":{"start":{"line":127,"column":33},"end":{"line":149,"column":2}},"line":127},"2":{"name":"extractDiffRanges","decl":{"start":{"line":175,"column":33},"end":{"line":178,"column":2}},"loc":{"start":{"line":175,"column":33},"end":{"line":178,"column":2}},"line":175}},"f":{"0":31,"1":24,"2":6}}
,"C:\\projects\\emb\\modules\\rayo-editor\\src\\utils\\errorHandling.ts": {"path":"C:\\projects\\emb\\modules\\rayo-editor\\src\\utils\\errorHandling.ts","all":false,"statementMap":{"0":{"start":{"line":1,"column":0},"end":{"line":1,"column":3}},"1":{"start":{"line":2,"column":0},"end":{"line":2,"column":50}},"2":{"start":{"line":3,"column":0},"end":{"line":3,"column":2}},"3":{"start":{"line":4,"column":0},"end":{"line":4,"column":74}},"4":{"start":{"line":5,"column":0},"end":{"line":5,"column":74}},"5":{"start":{"line":6,"column":0},"end":{"line":6,"column":2}},"6":{"start":{"line":7,"column":0},"end":{"line":7,"column":11}},"7":{"start":{"line":8,"column":0},"end":{"line":8,"column":9}},"8":{"start":{"line":9,"column":0},"end":{"line":9,"column":8}},"9":{"start":{"line":10,"column":0},"end":{"line":10,"column":33}},"10":{"start":{"line":11,"column":0},"end":{"line":11,"column":20}},"11":{"start":{"line":12,"column":0},"end":{"line":12,"column":48}},"12":{"start":{"line":13,"column":0},"end":{"line":13,"column":51}},"13":{"start":{"line":14,"column":0},"end":{"line":14,"column":48}},"14":{"start":{"line":15,"column":0},"end":{"line":15,"column":6}},"15":{"start":{"line":16,"column":0},"end":{"line":16,"column":4}},"16":{"start":{"line":17,"column":0},"end":{"line":17,"column":6}},"17":{"start":{"line":18,"column":0},"end":{"line":18,"column":3}},"18":{"start":{"line":19,"column":0},"end":{"line":19,"column":48}},"19":{"start":{"line":20,"column":0},"end":{"line":20,"column":5}},"20":{"start":{"line":21,"column":0},"end":{"line":21,"column":37}},"21":{"start":{"line":22,"column":0},"end":{"line":22,"column":35}},"22":{"start":{"line":23,"column":0},"end":{"line":23,"column":61}},"23":{"start":{"line":24,"column":0},"end":{"line":24,"column":5}},"24":{"start":{"line":25,"column":0},"end":{"line":25,"column":54}},"25":{"start":{"line":26,"column":0},"end":{"line":26,"column":19}},"26":{"start":{"line":27,"column":0},"end":{"line":27,"column":38}},"27":{"start":{"line":28,"column":0},"end":{"line":28,"column":3}},"28":{"start":{"line":29,"column":0},"end":{"line":29,"column":1}},"29":{"start":{"line":30,"column":0},"end":{"line":30,"column":0}},"30":{"start":{"line":31,"column":0},"end":{"line":31,"column":3}},"31":{"start":{"line":32,"column":0},"end":{"line":32,"column":61}},"32":{"start":{"line":33,"column":0},"end":{"line":33,"column":2}},"33":{"start":{"line":34,"column":0},"end":{"line":34,
[...]
6,"column":0},"end":{"line":116,"column":33}},"116":{"start":{"line":117,"column":0},"end":{"line":117,"column":49}},"117":{"start":{"line":118,"column":0},"end":{"line":118,"column":9}},"118":{"start":{"line":119,"column":0},"end":{"line":119,"column":12}},"119":{"start":{"line":120,"column":0},"end":{"line":120,"column":28}},"120":{"start":{"line":121,"column":0},"end":{"line":121,"column":18}},"121":{"start":{"line":122,"column":0},"end":{"line":122,"column":79}},"122":{"start":{"line":123,"column":0},"end":{"line":123,"column":30}},"123":{"start":{"line":124,"column":0},"end":{"line":124,"column":28}},"124":{"start":{"line":125,"column":0},"end":{"line":125,"column":37}},"125":{"start":{"line":126,"column":0},"end":{"line":126,"column":29}},"126":{"start":{"line":127,"column":0},"end":{"line":127,"column":9}},"127":{"start":{"line":128,"column":0},"end":{"line":128,"column":5}},"128":{"start":{"line":129,"column":0},"end":{"line":129,"column":3}},"129":{"start":{"line":130,"column":0},"end":{"line":130,"column":0}},"130":{"start":{"line":131,"column":0},"end":{"line":131,"column":15}},"131":{"start":{"line":132,"column":0},"end":{"line":132,"column":2}}},"s":{"0":1,"1":1,"2":1,"3":1,"4":1,"5":1,"6":1,"7":1,"8":1,"9":1,"10":1,"11":1,"12":1,"13":1,"14":1,"15":1,"16":1,"17":1,"18":1,"19":1,"20":1,"21":1,"22":1,"23":1,"24":1,"25":1,"26":1,"27":1,"28":1,"29":1,"30":1,"31":1,"32":1,"33":1,"34":1,"35":2,"36":1,"37":1,"38":1,"39":1,"40":1,"41":1,"42":1,"43":0,"44":0,"45":0,"46":1,"47":2,"48":1,"49":1,"50":1,"51":1,"52":1,"53":1,"54":1,"55":1,"56":1,"57":1,"58":1,"59":1,"60":1,"61":1,"62":1,"63":1,"64":1,"65":1,"66":1,"67":1,"68":1,"69":1,"70":1,"71":1,"72":1,"73":1,"74":1,"75":1,"76":1,"77":1,"78":1,"79":1,"80":1,"81":1,"82":1,"83":1,"84":1,"85":1,"86":1,"87":1,"88":1,"89":1,"90":1,"91":1,"92":2,"93":2,"94":2,"95":2,"96":4,"97":4,"98":1,"99":1,"100":1,"101":1,"102":4,"103":2,"104":2,"105":1,"106":1,"107":1,"108":1,"109":1,"110":1,"111":1,"112":1,"113":1,"114":1,"115":1,"116":1,"117":1,"118":1,"119":1,"120":1,"121":1,"122":1,"123":1,"124":1,"125":1,"126":1,"127":1,"128":2,"129":1,"130":1,"131":1},"branchMap":{"0":{"type":"branch","line":29,"loc":{"start":{"line":29,"column":38},"end":{"line":55,"column":2}},"locations":[{"start":{"line":29,"column":38},"end":{"line":55,"column":2}}]},"1":{"type":"branch","line":30,"loc":{"start":{"line":30,"column":27},"end":{"line":30,"column":37}},"locations":[{"start":{"line":30,"column":27},"end":{"line":30,"column":37}}]},"2":{"type":"branch","line":35,"loc":{"start":{"line":35,"column":28},"end":{"line":48,"column":3}},"locations":[{"start":{"line":35,"column":28},"end":{"line":48,"column":3}}]},"3":{"type":"branch","line":36,"loc":{"start":{"line":36,"column":30},"end":{"line":47,"column":5}},"locations":[{"start":{"line":36,"column":30},"end":{"line":47,"column":5}}]},"4":{"type":"branch","line":43,"loc":{"start":{"line":43,"column":6},"end":{"line":46,"column":7}},"locations":[{"start":{"line":43,"column":6},"end":{"line":46,"column":7}}]},"5":{"type":"branch","line":85,"loc":{"start":{"line":85,"column":38},"end":{"line":132,"column":2}},"locations":[{"start":{"line":85,"column":38},"end":{"line":132,"column":2}}]},"6":{"type":"branch","line":92,"loc":{"start":{"line":92,"column":36},"end":{"line":129,"column":3}},"locations":[{"start":{"line":92,"column":36},"end":{"line":129,"column":3}}]},"7":{"type":"branch","line":96,"loc":{"start":{"line":96,"column":48},"end":{"line":103,"column":5}},"locations":[{"start":{"line":96,"column":48},"end":{"line":103,"column":5}}]},"8":{"type":"branch","line":97,"loc":{"start":{"line":97,"column":33},"end":{"line":97,"column":42}},"locations":[{"start":{"line":97,"column":33},"end":{"line":97,"column":42}}]},"9":{"type":"branch","line":97,"loc":{"start":{"line":97,"column":33},"end":{"line":98,"column":45}},"locations":[{"start":{"line":97,"column":33},"end":{"line":98,"column":45}}]},"10":{"type":"branch","line":98,"loc":{"start":{"line":98,"column":45},"end":{"line":102,"column":7}},"locations":[{"start":{"line":98,"column":45},"end":{"line":102,"column":7}}]},"11":{"type":"branch","line":105,"loc":{"start":{"line":105,"column":39},"end":{"line":128,"column":5}},"locations":[{"start":{"line":105,"column":39},"end":{"line":128,"column":5}}]}},"b":{"0":[1],"1":[0],"2":[2],"3":[1],"4":[0],"5":[1],"6":[2],"7":[4],"8":[1],"9":[3],"10":[1],"11":[1]},"fnMap":{"0":{"name":"groupConsecutiveImages","decl":{"start":{"line":29,"column":38},"end":{"line":55,"column":2}},"loc":{"start":{"line":29,"column":38},"end":{"line":55,"column":2}},"line":29},"1":{"name":"matchImageReplacements","decl":{"start":{"line":85,"column":38},"end":{"line":132,"column":2}},"loc":{"start":{"line":85,"column":38},"end":{"line":132,"column":2}},"line":85}},"f":{"0":1,"1":1}}
,"C:\\projects\\emb\\modules\\rayo-editor\\src\\utils\\proximityMatching.ts": {"path":"C:\\projects\\emb\\modules\\rayo-editor\\src\\utils\\proximityMatching.ts","all":false,"statementMap":{"0":{"start":{"line":1,"column":0},"end":{"line":1,"column":3}},"1":{"start":{"line":2,"column":0},"end":{"line":2,"column":45}},"2":{"start":{"line":3,"column":0},"end":{"line":3,"column":2}},"3":{"start":{"line":4,"column":0},"end":{"line":4,"column":79}},"4":{"start":{"line":5,"column":0},"end":{"line":5,"column":76}},"5":{"start":{"line":6,"column":0},"end":{"line":6,"column":3}},"6":{"start":{"line":7,"column":0},"end":{"line":7,"column":57}},"7":{"start":{"line":8,"column":0},"end":{"line":8,"column":0}},"8":{"start":{"line":9,"column":0},"end":{"line":9,"column":3}},"9":{"start":{"line":10,"column":0},"end":{"line":10,"column":52}},"10":{"start":{"line":11,"column":0},"end":{"line":11,"column":2}},"11":{"start":{"line":12,"column":0},"end":{"line":12,"column":68}},"12":{"start":{"line":13,"column":0},"end":{"line":13,"column":74}},"13":{"start":{"line":14,"column":0},"end":{"line":14,"column":20}},"14":{"start":{"line":15,"column":0},"end":{"line":15,"column":2}},"15":{"start":{"line":16,"column":0},"end":{"line":16,"column":35}},"16":{"start":{"line":17,"column":0},"end":{"line":17,"column":36}},"17":{"start":{"line":18,"column":0},"end":{"line":18,"column":65}},"18":{"start":{"line":19,"column":0},"end":{"line":19,"column":2}},"19":{"start":{"line":20,"column":0},"end":{"line":20,"column":11}},"20":{"start":{"line":21,"column":0},"end":{"line":21,"column":9}},"21":{"start":{"line":22,"column":0},"end":{"line":22,"column":38}},"22":{"start":{"line":23,"column":0},"end":{"line":23,"column":39}},"23":{"start":{"line":24,"column":0},"end":{"line":24,"column":54}},"24":{"start":{"line":25,"column":0},"end":{"line":25,"column":2}},"25":{"start":{"line":26,"column":0},"end":{"line":26,"column":41}},"26":{"start":{"line":27,"column":0},"end":{"line":27,"column":56}},"27":{"start":{"line":28,"column":0},"end":{"line":28,"column":6}},"28":{"start":{"line":29,"column":0},"end":{"line":29,"column":3}},"29":{"start":{"line":30,"column":0},"end":{"line":30,"column":85}},"30":{"start":{"line":31,"column":0},"end":{"line":31,"column":49}},"31":{"start":{"line":32,"column":0},"end":{"line":32,"column":49}},"32":{"start":{"line":33,"column":0},"end":{"line":33,"column":30}},"33":{"start":{"line":34,"column":0},"end":{"line":34,"column":2}},"34":{"start":{"line":35,"column":0},"end":{"line":35,"column":0}},"35":{"start":{"line":36,"column":0},"end":{"line":36,"column":3}},"36":{"start":{"line":37,"column":0},"end":{"line":37,"column":62}},"37":{"start":{"line":38,"column":0},"end":{"line":38,"column":2}},"38":{"start":{"line":39,"column":0},"end":{"line":39,"column":70}},"39":{"start":{"line":40,"column":0},"end":{"line":40,"column":69}},"40":{"start":{"line":41,"column":0},"end":{"line":41,"column":30}},"41":{"start":{"line":42,"column":0},"end":{"line":42,"column":2}},"42":{"start":{"line":43,"column":0},"end":{"line":43,"column":51}},"43":{"start":{"line":44,"column":0},"end":{"line":44,"column":59}},"44":{"start":{"line":45,"column":0},"end":{"line":45,"column":57}},"45":{"start":{"line":46,"column":0},"end":{"line":46,"column":54}},"46":{"start":{"line":47,"column":0},"end":{"line":47,"column":2}},"47":{"start":{"line":48,"column":0},"end":{"line":48,"column":11}},"48":{"start":{"line":49,"column":0},"end":{"line":49,"column":9}},"49":{"start":{"line":50,"column":0},"end":{"line":50,"column":18}},"50":{"start":{"line":51,"column":0},"end":{"line":51,"column":72}},"51":{"start":{"line":52,"column":0},"end":{"line":52,"column":73}},"52":{"start":{"line":53,"column":0},"end":{"line":53,"column":5}},"53":{"start":{"line":54,"column":0},"end":{"line":54,"column":23}},"54":{"start":{"line":55,"column":0},"end":{"line":55,"column":56}},"55":{"start":{"line":56,"column":0},"end":{"line":56,"column":57}},"56":{"start":{"line":57,"column":0},"end":{"line":57,"column":6}},"57":{"start":{"line":58,"column":0},"end":{"line":58,"column":3}},"58":{"start":{"line":59,"column":0},"end":{"line":59,"column":34}},"59":{"start":{"line":60,"column":0},"end":{"line":60,"column":19}},"60":{"start":{"line":61,"column":0},"end":{"line":61,"column":23}},"61":{"start":{"line":62,"column":0},"end":{"line":62,"column":23}},"62":{"start":{"line":63,"column":0},"end":{"line":63,"column":23}},"63":{"start":{"line":64,"column":0},"end":{"line":64,"column":57}},"64":{"start":{"line":65,"column":0},"end":{"line":65,"column":0}},"65":{"start":{"line":66,"column":0},"end":{"line":66,"column":38}},"66":{"start":{"line":67,"column":0},"end":{"line":67,"column":29}},"67":{"start":{"line":68,"column":0},"end":{"line":68,"column":0}},"68":{"start":{"line":69,"column":0},"end":{"line":69,"column":33}},"69":{"start":{"line":70,"column":0},"end":{"line":70,"column":99}},"70":{"start":{"line":71,"column":0},"end":{"line":71,"column":79}},"71":{"start":{"line":72,"column":0},"end":{"line":72,"column":26}},"72":{"start":{"line":73,"column":0},"end":{"line":73,"column":37}},"73":{"start":{"line":74,"column":0},"end":{"line":74,"column":34}},"74":{"start":{"line":75,"column":0},"end":{"line":75,"column":6}},"75":{"start":{"line":76,"column":0},"end":{"line":76,"column":0}},"76":{"start":{"line":77,"column":0},"end":{"line":77,"column":29}},"77":{"start":{"line":78,"column":0},"end":{"line":78,"column":25}},"78":{"start":{"line":79,"column":0},"end":{"line":79,"column":21}},"79":{"start":{"line":80,"column":0},"end":{"line":80,"column":5}},"80":{"start":{"line":81,"column":0},"end":{"line":81,"column":3}},"81":{"start":{"line":82,"column":0},"end":{"line":82,"column":0}},"82":{"start":{"line":83,"column":0},"end":{"line":83,"column":17}},"83":{"start":{"line":84,"column":0},"end":{"line":84,"column":2}},"84":{"start":{"line":85,"column":0},"end":{"line":85,"column":0}},"85":{"start":{"line":86,"column":0},"end":{"line":86,"column":3}},"86":{"start":{"line":87,"column":0},"end":{"line":87,"column":38}},"87":{"start":{"line":88,"column":0},"end":{"line":88,"column":2}},"88":{"start":{"line":89,"column":0},"end":{"line":89,"column":79}},"89":{"start":{"line":90,"column":0},"end":{"line":90,"column":74}},"90":{"start":{"line":91,"column":0},"end":{"line":91,"column":2}},"91":{"start":{"line":92,"column":0},"end":{"line":92,"column":66}},"92":{"start":{"line":93,"column":0},"end":{"line":93,"column":41}},"93":{"start":{"line":94,"column":0},"end":{"line":94,"column":62}},"94":{"start":{"line":95,"column":0},"end":{"line":95,"column":2}},"95":{"start":{"line":96,"column":0},"end":{"line":96,"column":11}},"96":{"start":{"line":97,"column":0},"end":{"line":97,"column":9}},"97":{"start":{"line":98,"column":0},"end":{"line":98,"column":18}},"98":{"start":{"line":99,"column":0},"end":{"line":99,"column":30}},"99":{"start":{"line":100,"column":0},"end":{"line":100,"column":47}},"100":{"start":{"line":101,"column":0},"end":{"line":101,"column":50}},"101":{"start":{"line":102,"column":0},"end":{"line":102,"column":5}},"102":{"start":{"line":103,"column":0},"end":{"line":103,"column":47}},"103":{"start":{"line":104,"column":0},"end":{"line":104,"column":40}},"104":{"start":{"line":105,"column":0},"end":{"line":105,"column":6}},"105":{"start":{"line":106,"column":0},"end":{"line":106,"column":2}},"106":{"start":{"line":107,"column":0},"end":{"line":107,"column":11}},"107":{"start":{"line":108,"column":0},"end":{"line":108,"column":27}},"108":{"start":{"line":109,"column":0},"end":{"line":109,"column":16}},"109":{"start":{"line":110,"column":0},"end":{"line":110,"column":71}},"110":{"start":{"line":111,"column":0},"end":{"line":111,"column":47}},"111":{"start":{"line":112,"column":0},"end":{"line":112,"column":6}},"112":{"start":{"line":113,"column":0},"end":{"line":113,"column":3}},"113":{"start":{"line":114,"column":0},"end":{"line":114,"column":83}},"114":{"start":{"line":115,"column":0},"end":{"line":115,"column":12}},"115":{"start":{"line":116,"column":0},"end":{"line":116,"column":13}},"116":{"start":{"line":117,"column":0},"end":{"line":117,"column":36}},"117":{"start":{"line":118,"column":0},"end":{"line":118,"column":27}},"118":{"start":{"line":119,"column":0},"end":{"line":119,"column":24}},"119":{"start":{"line":120,"column":0},"end":{"line":120,"column":0}},"120":{"start":{"line":121,"column":0},"end":{"line":121,"column":29}},"121":{"start":{"line":122,"column":0},"end":{"line":122,"column":31}},"122":{"start":{"line":123,"column":0},"end":{"line":123,"column":25}},"123":{"start":{"line":124,"column":0},"end":{"line":124,"column":12}},"124":{"start":{"line":125,"column":0},"end":{"line":125,"column":47}},"125":{"start":{"line":126,"column":0},"end":{"line":126,"column":50}},"126":{"start":{"line":127,"column":0},"end":{"line":127,"column":27}},"127":{"start":{"line":128,"column":0},"end":{"line":128,"column":14}},"128":{"start":{"line":129,"column":0},"end":{"line":129,"column":29}},"129":{"start":{"line":130,"column":0},"end":{"line":130,"column":25}},"130":{"start":{"line":131,"column":0},"end":{"line":131,"column":7}},"131":{"start":{"line":132,"column":0},"end":{"line":132,"column":5}},"132":{"start":{"line":133,"column":0},"end":{"line":133,"column":3}},"133":{"start":{"line":134,"column":0},"end":{"line":134,"column":0}},"134":{"start":{"line":135,"column":0},"end":{"line":135,"column":47}},"135":{"start":{"line":136,"column":0},"end":{"line":136,"column":16}},"136":{"start":{"line":137,"column":0},"end":{"line":137,"column":2}}},"s":{"0":1,"1":1,"2":1,"3":1,"4":1,"5":1,"6":1,"7":1,"8":1,"9":1,"10":1,"11":1,"12":1,"13":1,"14":1,"15":1,"16":1,"17":1,"18":1,"19":1,"20":1,"21":1,"22":1,"23":1,"24":1,"25":1,"26":1,"27":1,"28":1,"29":1,"30":10,"31":10,"32":10,"33":10,"34":1,"35":1,"36":1,"37":1,"38":1,"39":1,"40":1,"41":1,"42":1,"43":1,"44":1,"45":1,"46":1,"47":1,"48":1,"49":1,"50":1,"51":1,"52":1,"53":1,"54":1,"55":1,"56":1,"57":1,"58":1,"59":11,"60":11,"61":11,"62":11,"63":11,"64":6,"65":6,"66":6,"67":6,"68":11,"69":15,"70":15,"71":15,"72":15,"73":15,"74":15,"75":15,"76":15,"77":10,"78":10,"79":10,"80":15,"81":6,"82":6,"83":6,"84":1,"85":1,"86":1,"87":1,"88":1,"89":1,"90":1,"91":1,"92":1,"93":1,"94":1,"95":1,"96":1,"97":1,"98":1,"99":1,"100":1,"101":1,"102":1,"103":1,"104":1,"105":1,"106":1,"107":1,"108":1,"109":1,"110":1,"111":1,"112":1,"113":1,"114":11,"115":11,"116":11,"117":10,"118":10,"119":10,"120":11,"121":28,"122":10,"123":28,"124":18,"125":18,"126":12,"127":18,"128":6,"129":6,"130":6,"131":18,"132":28,"133":10,"134":10,"135":10,"136":10},"branchMap":{"0":{"type":"branch","line":30,"loc":{"start":{"line":30,"column":34},"end":{"line":34,"column":2}},"locations":[{"start":{"line":30,"column":34},"end":{"line":34,"column":2}}]},"1":{"type":"branch","line":59,"loc":{"start":{"line":59,"column":33},"end":{"line":84,"column":2}},"locations":[{"start":{"line":59,"column":33},"end":{"line":84,"column":2}}]},"2":{"type":"branch","line":64,"loc":{"start":{"line":64,"column":29},"end":{"line":64,"column":57}},"locations":[{"start":{"line":64,"column":29},"end":{"line":64,"column":57}}]},"3":{"type":"branch","line":64,"loc":{"start":{"line":64,"column":47},"end":{"line":64,"column":57}},"locations":[{"start":{"line":64,"column":47},"end":{"line":64,"column":57}}]},"4":{"type":"branch","line":64,"loc":{"start":{"line":64,"column":52},"end":{"line":69,"column":32}},"locations":[{"start":{"line":64,"column":52},"end":{"line":69,"column":32}}]},"5":{"type":"branch","line":69,"loc":{"start":{"line":69,"column":32},"end":{"line":81,"column":3}},"locations":[{"start":{"line":69,"column":32},"end":{"line":81,"column":3}}]},"6":{"type":"branch","line":70,"loc":{"start":{"line":70,"column":46},"end":{"line":70,"column":64}},"locations":[{"start":{"line":70,"column":46},"end":{"line":70,"column":64}}]},"7":{"type":"branch","line":70,"loc":{"start":{"line":70,"column":81},"end":{"line":70,"column":97}},"locations":[{"start":{"line":70,"column":81},"end":{"line":70,"column":97}}]},"8":{"type":"branch","line":71,"loc":{"start":{"line":71,"column":44},"end":{"line":71,"column":53}},"locations":[{"start":{"line":71,"column":44},"end":{"line":71,"column":53}}]},"9":{"type":"branch","line":71,"loc":{"start":{"line":71,"column":70},"end":{"line":71,"column":77}},"locations":[{"start":{"line":71,"column":70},"end":{"line":71,"column":77}}]},"10":{"type":"branch","line":77,"loc":{"start":{"line":77,"column":28},"end":{"line":80,"column":5}},"locations":[{"start":{"line":77,"column":28},"end":{"line":80,"column":5}}]},"11":{"type":"branch","line":81,"loc":{"start":{"line":81,"column":2},"end":{"line":84,"column":2}},"locations":[{"start":{"line":81,"column":2},"end":{"line":84,"column":2}}]},"12":{"type":"branch","line":114,"loc":{"start":{"line":114,"column":37},"end":{"line":137,"column":2}},"locations":[{"start":{"line":114,"column":37},"end":{"line":137,"column":2}}]},"13":{"type":"branch","line":117,"loc":{"start":{"line":117,"column":26},"end":{"line":117,"column":36}},"locations":[{"start":{"line":117,"column":26},"end":{"line":117,"column":36}}]},"14":{"type":"branch","line":117,"loc":{"start":{"line":117,"column":34},"end":{"line":121,"column":28}},"locations":[{"start":{"line":117,"column":34},"end":{"line":121,"column":28}}]},"15":{"type":"branch","line":121,"loc":{"start":{"line":121,"column":28},"end":{"line":133,"column":3}},"locations":[{"start":{"line":121,"column":28},"end":{"line":133,"column":3}}]},"16":{"type":"branch","line":122,"loc":{"start":{"line":122,"column":30},"end":{"line":124,"column":11}},"locations":[{"start":{"line":122,"column":30},"end":{"line":124,"column":11}}]},"17":{"type":"branch","line":124,"loc":{"start":{"line":124,"column":4},"end":{"line":132,"column":5}},"locations":[{"start":{"line":124,"column":4},"end":{"line":132,"column":5}}]},"18":{"type":"branch","line":126,"loc":{"start":{"line":126,"column":49},"end":{"line":128,"column":13}},"locations":[{"start":{"line":126,"column":49},"end":{"line":128,"column":13}}]},"19":{"type":"branch","line":128,"loc":{"start":{"line":128,"column":6},"end":{"line":131,"column":7}},"locations":[{"start":{"line":128,"column":6},"end":{"line":131,"column":7}}]},"20":{"type":"branch","line":133,"loc":{"start":{"line":133,"column":2},"end":{"line":137,"column":2}},"locations":[{"start":{"line":133,"column":2},"end":{"line":137,"column":2}}]}},"b":{"0":[10],"1":[11],"2":[5],"3":[1],"4":[6],"5":[15],"6":[0],"7":[0],"8":[0],"9":[0],"10":[10],"11":[6],"12":[11],"13":[1],"14":[10],"15":[28],"16":[10],"17":[18],"18":[12],"19":[6],"20":[10]},"fnMap":{"0":{"name":"calculateProximity","decl":{"start":{"line":30,"column":34},"end":{"line":34,"column":2}},"loc":{"start":{"line":30,"column":34},"end":{"line":34,"column":2}},"line":30},"1":{"name":"findOwnerTextPair","decl":{"start":{"line":59,"column":33},"end":{"line":84,"column":2}},"loc":{"start":{"line":59,"column":33},"end":{"line":84,"column":2}},"line":59},"2":{"name":"groupConsecutiveItems","decl":{"start":{"line":114,"column":37},"end":{"line":137,"column":2}},"loc":{"start":{"line":114,"column":37},"end":{"line":137,"column":2}},"line":114}},"f":{"0":10,"1":11,"2":11}}
}
